  [4;36;1mSQL (0.000753)[0m   [0;1mSET SQL_AUTO_IS_NULL=0[0m
  [4;35;1mPost Columns (0.003976)[0m   [0mSHOW FIELDS FROM posts[0m


Processing BlogController#list (for 127.0.0.1 at 2007-05-27 22:42:38) [GET]
  Session ID: d30e79480dbb4b069e1b374dcf224fe6
  Parameters: {"action"=>"list", "controller"=>"blog"}
  [4;36;1mSQL (0.000470)[0m   [0;1mSET SQL_AUTO_IS_NULL=0[0m
  [4;35;1mPost Columns (0.004084)[0m   [0mSHOW FIELDS FROM posts[0m
  [4;36;1mSQL (0.002796)[0m   [0;1mSELECT count(*) AS count_all FROM posts [0m
  [4;35;1mPost Load (0.001011)[0m   [0mSELECT * FROM posts LIMIT 0, 10[0m
Rendering  within layouts/blog
Rendering blog/list
Rendered blog/_post (0.02528)
Rendered blog/_post (0.00252)
Completed in 0.34212 (2 reqs/sec) | Rendering: 0.04778 (13%) | DB: 0.00836 (2%) | 200 OK [http://0.0.0.0/blog/list]


Processing BlogController#list (for 127.0.0.1 at 2007-05-27 22:44:08) [GET]
  Session ID: d30e79480dbb4b069e1b374dcf224fe6
  Parameters: {"action"=>"list", "controller"=>"blog"}


NameError (undefined local variable or method `post' for #<BlogController:0x34d6108>):
    .//app/controllers/blog_controller.rb:12:in `list'
    /usr/local/lib/ruby/gems/1.8/gems/actionpack-1.13.3/lib/action_controller/base.rb:1095:in `send'
    /usr/local/lib/ruby/gems/1.8/gems/actionpack-1.13.3/lib/action_controller/base.rb:1095:in `perform_action_without_filters'
    /usr/local/lib/ruby/gems/1.8/gems/actionpack-1.13.3/lib/action_controller/filters.rb:632:in `call_filter'
    /usr/local/lib/ruby/gems/1.8/gems/actionpack-1.13.3/lib/action_controller/filters.rb:634:in `call_filter'
    /usr/local/lib/ruby/gems/1.8/gems/actionpack-1.13.3/lib/action_controller/filters.rb:619:in `perform_action_without_benchmark'
    /usr/local/lib/ruby/gems/1.8/gems/actionpack-1.13.3/lib/action_controller/benchmarking.rb:66:in `perform_action_without_rescue'
    /usr/local/lib/ruby/1.8/benchmark.rb:293:in `measure'
    /usr/local/lib/ruby/gems/1.8/gems/actionpack-1.13.3/lib/action_controller/benchmarking.rb:66:in `perform_action_without_rescue'
    /usr/local/lib/ruby/gems/1.8/gems/actionpack-1.13.3/lib/action_controller/rescue.rb:83:in `perform_action'
    /usr/local/lib/ruby/gems/1.8/gems/actionpack-1.13.3/lib/action_controller/base.rb:430:in `send'
    /usr/local/lib/ruby/gems/1.8/gems/actionpack-1.13.3/lib/action_controller/base.rb:430:in `process_without_filters'
    /usr/local/lib/ruby/gems/1.8/gems/actionpack-1.13.3/lib/action_controller/filters.rb:624:in `process_without_session_management_support'
    /usr/local/lib/ruby/gems/1.8/gems/actionpack-1.13.3/lib/action_controller/session_management.rb:114:in `process'
    /usr/local/lib/ruby/gems/1.8/gems/actionpack-1.13.3/lib/action_controller/base.rb:330:in `process'
    /usr/local/lib/ruby/gems/1.8/gems/rails-1.2.3/lib/dispatcher.rb:41:in `dispatch'
    /usr/local/lib/ruby/gems/1.8/gems/mongrel-1.0.1/lib/mongrel/rails.rb:78:in `process'
    /usr/local/lib/ruby/gems/1.8/gems/mongrel-1.0.1/lib/mongrel/rails.rb:76:in `synchronize'
    /usr/local/lib/ruby/gems/1.8/gems/mongrel-1.0.1/lib/mongrel/rails.rb:76:in `process'
    /usr/local/lib/ruby/gems/1.8/gems/mongrel-1.0.1/lib/mongrel.rb:618:in `process_client'
    /usr/local/lib/ruby/gems/1.8/gems/mongrel-1.0.1/lib/mongrel.rb:617:in `each'
    /usr/local/lib/ruby/gems/1.8/gems/mongrel-1.0.1/lib/mongrel.rb:617:in `process_client'
    /usr/local/lib/ruby/gems/1.8/gems/mongrel-1.0.1/lib/mongrel.rb:736:in `run'
    /usr/local/lib/ruby/gems/1.8/gems/mongrel-1.0.1/lib/mongrel.rb:736:in `initialize'
    /usr/local/lib/ruby/gems/1.8/gems/mongrel-1.0.1/lib/mongrel.rb:736:in `new'
    /usr/local/lib/ruby/gems/1.8/gems/mongrel-1.0.1/lib/mongrel.rb:736:in `run'
    /usr/local/lib/ruby/gems/1.8/gems/mongrel-1.0.1/lib/mongrel.rb:720:in `initialize'
    /usr/local/lib/ruby/gems/1.8/gems/mongrel-1.0.1/lib/mongrel.rb:720:in `new'
    /usr/local/lib/ruby/gems/1.8/gems/mongrel-1.0.1/lib/mongrel.rb:720:in `run'
    /usr/local/lib/ruby/gems/1.8/gems/mongrel-1.0.1/lib/mongrel/configurator.rb:271:in `run'
    /usr/local/lib/ruby/gems/1.8/gems/mongrel-1.0.1/lib/mongrel/configurator.rb:270:in `each'
    /usr/local/lib/ruby/gems/1.8/gems/mongrel-1.0.1/lib/mongrel/configurator.rb:270:in `run'
    /usr/local/lib/ruby/gems/1.8/gems/mongrel-1.0.1/bin/mongrel_rails:127:in `run'
    /usr/local/lib/ruby/gems/1.8/gems/mongrel-1.0.1/lib/mongrel/command.rb:211:in `run'
    /usr/local/lib/ruby/gems/1.8/gems/mongrel-1.0.1/bin/mongrel_rails:243
    /usr/local/lib/ruby/gems/1.8/gems/activesupport-1.4.2/lib/active_support/dependencies.rb:488:in `load'
    /usr/local/lib/ruby/gems/1.8/gems/activesupport-1.4.2/lib/active_support/dependencies.rb:488:in `load'
    /usr/local/lib/ruby/gems/1.8/gems/activesupport-1.4.2/lib/active_support/dependencies.rb:342:in `new_constants_in'
    /usr/local/lib/ruby/gems/1.8/gems/activesupport-1.4.2/lib/active_support/dependencies.rb:488:in `load'
    /usr/local/lib/ruby/gems/1.8/gems/rails-1.2.3/lib/commands/servers/mongrel.rb:60
    /usr/local/lib/ruby/site_ruby/1.8/rubygems/custom_require.rb:27:in `gem_original_require'
    /usr/local/lib/ruby/site_ruby/1.8/rubygems/custom_require.rb:27:in `require'
    /usr/local/lib/ruby/gems/1.8/gems/activesupport-1.4.2/lib/active_support/dependencies.rb:495:in `require'
    /usr/local/lib/ruby/gems/1.8/gems/activesupport-1.4.2/lib/active_support/dependencies.rb:342:in `new_constants_in'
    /usr/local/lib/ruby/gems/1.8/gems/activesupport-1.4.2/lib/active_support/dependencies.rb:495:in `require'
    /usr/local/lib/ruby/gems/1.8/gems/rails-1.2.3/lib/commands/server.rb:39
    /usr/local/lib/ruby/site_ruby/1.8/rubygems/custom_require.rb:27:in `gem_original_require'
    /usr/local/lib/ruby/site_ruby/1.8/rubygems/custom_require.rb:27:in `require'
    script/server:3


Rendering /usr/local/lib/ruby/gems/1.8/gems/actionpack-1.13.3/lib/action_controller/templates/rescues/layout.rhtml (500 Internal Error)


Processing BlogController#list (for 127.0.0.1 at 2007-05-27 22:44:36) [GET]
  Session ID: d30e79480dbb4b069e1b374dcf224fe6
  Parameters: {"action"=>"list", "controller"=>"blog"}
  [4;36;1mPost Load (0.001453)[0m   [0;1mSELECT * FROM posts [0m
Rendering  within layouts/blog
Rendering blog/list
  [4;35;1mPost Columns (0.005221)[0m   [0mSHOW FIELDS FROM posts[0m
Rendered blog/_post (0.01779)
Rendered blog/_post (0.00323)
Completed in 0.08009 (12 reqs/sec) | Rendering: 0.02351 (29%) | DB: 0.00667 (8%) | 200 OK [http://0.0.0.0/blog/list]


Processing BlogController#list (for 127.0.0.1 at 2007-05-27 22:44:54) [GET]
  Session ID: d30e79480dbb4b069e1b374dcf224fe6
  Parameters: {"action"=>"list", "controller"=>"blog"}
  [4;36;1mPost Load (0.001432)[0m   [0;1mSELECT * FROM posts [0m
Rendering  within layouts/blog
Rendering blog/list
  [4;35;1mPost Columns (0.008176)[0m   [0mSHOW FIELDS FROM posts[0m


ActionView::TemplateError (undefined method `textilize' for #<#<Class:0x324aed4>:0x324ae0c>) on line #3 of app/views/blog/_post.rhtml:
1: <div>
2:     <h2><%= link_to post.title, :action => 'show', :id => post %></h2>
3:     <p><%= textilize(post.body) %></p>
4:     <p><small>
5:     <%= post.created_at.to_s(:long) %>
6:     (<%= link_to 'Edit', :action => 'edit', :id => post %>)

    #{RAILS_ROOT}/app/views/blog/_post.rhtml:3:in `_run_rhtml_47app47views47blog47_post46rhtml'
    /usr/local/lib/ruby/gems/1.8/gems/actionpack-1.13.3/lib/action_view/base.rb:326:in `send'
    /usr/local/lib/ruby/gems/1.8/gems/actionpack-1.13.3/lib/action_view/base.rb:326:in `compile_and_render_template'
    /usr/local/lib/ruby/gems/1.8/gems/actionpack-1.13.3/lib/action_view/base.rb:301:in `render_template'
    /usr/local/lib/ruby/gems/1.8/gems/actionpack-1.13.3/lib/action_view/base.rb:260:in `render_file'
    /usr/local/lib/ruby/gems/1.8/gems/actionpack-1.13.3/lib/action_view/base.rb:275:in `render'
    /usr/local/lib/ruby/gems/1.8/gems/actionpack-1.13.3/lib/action_view/partials.rb:59:in `render_partial'
    /usr/local/lib/ruby/gems/1.8/gems/actionpack-1.13.3/lib/action_controller/benchmarking.rb:26:in `benchmark'
    /usr/local/lib/ruby/1.8/benchmark.rb:293:in `measure'
    /usr/local/lib/ruby/1.8/benchmark.rb:307:in `realtime'
    /usr/local/lib/ruby/gems/1.8/gems/actionpack-1.13.3/lib/action_controller/benchmarking.rb:26:in `benchmark'
    /usr/local/lib/ruby/gems/1.8/gems/actionpack-1.13.3/lib/action_view/partials.rb:58:in `render_partial'
    /usr/local/lib/ruby/gems/1.8/gems/actionpack-1.13.3/lib/action_view/partials.rb:73:in `render_partial_collection'
    /usr/local/lib/ruby/gems/1.8/gems/activerecord-1.15.3/lib/active_record/base.rb:1309:in `each_with_index'
    /usr/local/lib/ruby/gems/1.8/gems/actionpack-1.13.3/lib/action_view/partials.rb:71:in `each'
    /usr/local/lib/ruby/gems/1.8/gems/actionpack-1.13.3/lib/action_view/partials.rb:71:in `each_with_index'
    /usr/local/lib/ruby/gems/1.8/gems/actionpack-1.13.3/lib/action_view/partials.rb:71:in `render_partial_collection'
    /usr/local/lib/ruby/gems/1.8/gems/actionpack-1.13.3/lib/action_view/base.rb:285:in `render'
    #{RAILS_ROOT}/app/views/blog/list.rhtml:6:in `_run_rhtml_47app47views47blog47list46rhtml'
    /usr/local/lib/ruby/gems/1.8/gems/actionpack-1.13.3/lib/action_view/base.rb:326:in `send'
    /usr/local/lib/ruby/gems/1.8/gems/actionpack-1.13.3/lib/action_view/base.rb:326:in `compile_and_render_template'
    /usr/local/lib/ruby/gems/1.8/gems/actionpack-1.13.3/lib/action_view/base.rb:301:in `render_template'
    /usr/local/lib/ruby/gems/1.8/gems/actionpack-1.13.3/lib/action_view/base.rb:260:in `render_file'
    /usr/local/lib/ruby/gems/1.8/gems/actionpack-1.13.3/lib/action_controller/base.rb:806:in `render_file'
    /usr/local/lib/ruby/gems/1.8/gems/actionpack-1.13.3/lib/action_controller/base.rb:711:in `render_with_no_layout'
    /usr/local/lib/ruby/gems/1.8/gems/actionpack-1.13.3/lib/action_controller/layout.rb:247:in `render_without_benchmark'
    /usr/local/lib/ruby/gems/1.8/gems/actionpack-1.13.3/lib/action_controller/benchmarking.rb:50:in `render'
    /usr/local/lib/ruby/1.8/benchmark.rb:293:in `measure'
    /usr/local/lib/ruby/gems/1.8/gems/actionpack-1.13.3/lib/action_controller/benchmarking.rb:50:in `render'
    /usr/local/lib/ruby/gems/1.8/gems/actionpack-1.13.3/lib/action_controller/base.rb:1096:in `perform_action_without_filters'
    /usr/local/lib/ruby/gems/1.8/gems/actionpack-1.13.3/lib/action_controller/filters.rb:632:in `call_filter'
    /usr/local/lib/ruby/gems/1.8/gems/actionpack-1.13.3/lib/action_controller/filters.rb:634:in `call_filter'
    /usr/local/lib/ruby/gems/1.8/gems/actionpack-1.13.3/lib/action_controller/filters.rb:619:in `perform_action_without_benchmark'
    /usr/local/lib/ruby/gems/1.8/gems/actionpack-1.13.3/lib/action_controller/benchmarking.rb:66:in `perform_action_without_rescue'
    /usr/local/lib/ruby/1.8/benchmark.rb:293:in `measure'
    /usr/local/lib/ruby/gems/1.8/gems/actionpack-1.13.3/lib/action_controller/benchmarking.rb:66:in `perform_action_without_rescue'
    /usr/local/lib/ruby/gems/1.8/gems/actionpack-1.13.3/lib/action_controller/rescue.rb:83:in `perform_action'
    /usr/local/lib/ruby/gems/1.8/gems/actionpack-1.13.3/lib/action_controller/base.rb:430:in `send'
    /usr/local/lib/ruby/gems/1.8/gems/actionpack-1.13.3/lib/action_controller/base.rb:430:in `process_without_filters'
    /usr/local/lib/ruby/gems/1.8/gems/actionpack-1.13.3/lib/action_controller/filters.rb:624:in `process_without_session_management_support'
    /usr/local/lib/ruby/gems/1.8/gems/actionpack-1.13.3/lib/action_controller/session_management.rb:114:in `process'
    /usr/local/lib/ruby/gems/1.8/gems/actionpack-1.13.3/lib/action_controller/base.rb:330:in `process'
    /usr/local/lib/ruby/gems/1.8/gems/rails-1.2.3/lib/dispatcher.rb:41:in `dispatch'
    /usr/local/lib/ruby/gems/1.8/gems/mongrel-1.0.1/lib/mongrel/rails.rb:78:in `process'
    /usr/local/lib/ruby/gems/1.8/gems/mongrel-1.0.1/lib/mongrel/rails.rb:76:in `synchronize'
    /usr/local/lib/ruby/gems/1.8/gems/mongrel-1.0.1/lib/mongrel/rails.rb:76:in `process'
    /usr/local/lib/ruby/gems/1.8/gems/mongrel-1.0.1/lib/mongrel.rb:618:in `process_client'
    /usr/local/lib/ruby/gems/1.8/gems/mongrel-1.0.1/lib/mongrel.rb:617:in `each'
    /usr/local/lib/ruby/gems/1.8/gems/mongrel-1.0.1/lib/mongrel.rb:617:in `process_client'
    /usr/local/lib/ruby/gems/1.8/gems/mongrel-1.0.1/lib/mongrel.rb:736:in `run'
    /usr/local/lib/ruby/gems/1.8/gems/mongrel-1.0.1/lib/mongrel.rb:736:in `initialize'
    /usr/local/lib/ruby/gems/1.8/gems/mongrel-1.0.1/lib/mongrel.rb:736:in `new'
    /usr/local/lib/ruby/gems/1.8/gems/mongrel-1.0.1/lib/mongrel.rb:736:in `run'
    /usr/local/lib/ruby/gems/1.8/gems/mongrel-1.0.1/lib/mongrel.rb:720:in `initialize'
    /usr/local/lib/ruby/gems/1.8/gems/mongrel-1.0.1/lib/mongrel.rb:720:in `new'
    /usr/local/lib/ruby/gems/1.8/gems/mongrel-1.0.1/lib/mongrel.rb:720:in `run'
    /usr/local/lib/ruby/gems/1.8/gems/mongrel-1.0.1/lib/mongrel/configurator.rb:271:in `run'
    /usr/local/lib/ruby/gems/1.8/gems/mongrel-1.0.1/lib/mongrel/configurator.rb:270:in `each'
    /usr/local/lib/ruby/gems/1.8/gems/mongrel-1.0.1/lib/mongrel/configurator.rb:270:in `run'
    /usr/local/lib/ruby/gems/1.8/gems/mongrel-1.0.1/bin/mongrel_rails:127:in `run'
    /usr/local/lib/ruby/gems/1.8/gems/mongrel-1.0.1/lib/mongrel/command.rb:211:in `run'
    /usr/local/lib/ruby/gems/1.8/gems/mongrel-1.0.1/bin/mongrel_rails:243
    /usr/local/lib/ruby/gems/1.8/gems/activesupport-1.4.2/lib/active_support/dependencies.rb:488:in `load'
    /usr/local/lib/ruby/gems/1.8/gems/activesupport-1.4.2/lib/active_support/dependencies.rb:488:in `load'
    /usr/local/lib/ruby/gems/1.8/gems/activesupport-1.4.2/lib/active_support/dependencies.rb:342:in `new_constants_in'
    /usr/local/lib/ruby/gems/1.8/gems/activesupport-1.4.2/lib/active_support/dependencies.rb:488:in `load'
    /usr/local/lib/ruby/gems/1.8/gems/rails-1.2.3/lib/commands/servers/mongrel.rb:60
    /usr/local/lib/ruby/site_ruby/1.8/rubygems/custom_require.rb:27:in `gem_original_require'
    /usr/local/lib/ruby/site_ruby/1.8/rubygems/custom_require.rb:27:in `require'
    /usr/local/lib/ruby/gems/1.8/gems/activesupport-1.4.2/lib/active_support/dependencies.rb:495:in `require'
    /usr/local/lib/ruby/gems/1.8/gems/activesupport-1.4.2/lib/active_support/dependencies.rb:342:in `new_constants_in'
    /usr/local/lib/ruby/gems/1.8/gems/activesupport-1.4.2/lib/active_support/dependencies.rb:495:in `require'
    /usr/local/lib/ruby/gems/1.8/gems/rails-1.2.3/lib/commands/server.rb:39
    /usr/local/lib/ruby/site_ruby/1.8/rubygems/custom_require.rb:27:in `gem_original_require'
    /usr/local/lib/ruby/site_ruby/1.8/rubygems/custom_require.rb:27:in `require'
    script/server:3


Rendering /usr/local/lib/ruby/gems/1.8/gems/actionpack-1.13.3/lib/action_controller/templates/rescues/layout.rhtml (500 Internal Error)


Processing BlogController#list (for 127.0.0.1 at 2007-05-27 22:45:07) [GET]
  Session ID: d30e79480dbb4b069e1b374dcf224fe6
  Parameters: {"action"=>"list", "controller"=>"blog"}
  [4;36;1mPost Load (0.001177)[0m   [0;1mSELECT * FROM posts [0m
Rendering  within layouts/blog
Rendering blog/list
  [4;35;1mPost Columns (0.006154)[0m   [0mSHOW FIELDS FROM posts[0m


ActionView::TemplateError (undefined method `Textilize' for #<#<Class:0x315923c>:0x3159174>) on line #3 of app/views/blog/_post.rhtml:
1: <div>
2:     <h2><%= link_to post.title, :action => 'show', :id => post %></h2>
3:     <p><%= Textilize(post.body) %></p>
4:     <p><small>
5:     <%= post.created_at.to_s(:long) %>
6:     (<%= link_to 'Edit', :action => 'edit', :id => post %>)

    #{RAILS_ROOT}/app/views/blog/_post.rhtml:3:in `_run_rhtml_47app47views47blog47_post46rhtml'
    /usr/local/lib/ruby/gems/1.8/gems/actionpack-1.13.3/lib/action_view/base.rb:326:in `send'
    /usr/local/lib/ruby/gems/1.8/gems/actionpack-1.13.3/lib/action_view/base.rb:326:in `compile_and_render_template'
    /usr/local/lib/ruby/gems/1.8/gems/actionpack-1.13.3/lib/action_view/base.rb:301:in `render_template'
    /usr/local/lib/ruby/gems/1.8/gems/actionpack-1.13.3/lib/action_view/base.rb:260:in `render_file'
    /usr/local/lib/ruby/gems/1.8/gems/actionpack-1.13.3/lib/action_view/base.rb:275:in `render'
    /usr/local/lib/ruby/gems/1.8/gems/actionpack-1.13.3/lib/action_view/partials.rb:59:in `render_partial'
    /usr/local/lib/ruby/gems/1.8/gems/actionpack-1.13.3/lib/action_controller/benchmarking.rb:26:in `benchmark'
    /usr/local/lib/ruby/1.8/benchmark.rb:293:in `measure'
    /usr/local/lib/ruby/1.8/benchmark.rb:307:in `realtime'
    /usr/local/lib/ruby/gems/1.8/gems/actionpack-1.13.3/lib/action_controller/benchmarking.rb:26:in `benchmark'
    /usr/local/lib/ruby/gems/1.8/gems/actionpack-1.13.3/lib/action_view/partials.rb:58:in `render_partial'
    /usr/local/lib/ruby/gems/1.8/gems/actionpack-1.13.3/lib/action_view/partials.rb:73:in `render_partial_collection'
    /usr/local/lib/ruby/gems/1.8/gems/activerecord-1.15.3/lib/active_record/base.rb:1309:in `each_with_index'
    /usr/local/lib/ruby/gems/1.8/gems/actionpack-1.13.3/lib/action_view/partials.rb:71:in `each'
    /usr/local/lib/ruby/gems/1.8/gems/actionpack-1.13.3/lib/action_view/partials.rb:71:in `each_with_index'
    /usr/local/lib/ruby/gems/1.8/gems/actionpack-1.13.3/lib/action_view/partials.rb:71:in `render_partial_collection'
    /usr/local/lib/ruby/gems/1.8/gems/actionpack-1.13.3/lib/action_view/base.rb:285:in `render'
    #{RAILS_ROOT}/app/views/blog/list.rhtml:6:in `_run_rhtml_47app47views47blog47list46rhtml'
    /usr/local/lib/ruby/gems/1.8/gems/actionpack-1.13.3/lib/action_view/base.rb:326:in `send'
    /usr/local/lib/ruby/gems/1.8/gems/actionpack-1.13.3/lib/action_view/base.rb:326:in `compile_and_render_template'
    /usr/local/lib/ruby/gems/1.8/gems/actionpack-1.13.3/lib/action_view/base.rb:301:in `render_template'
    /usr/local/lib/ruby/gems/1.8/gems/actionpack-1.13.3/lib/action_view/base.rb:260:in `render_file'
    /usr/local/lib/ruby/gems/1.8/gems/actionpack-1.13.3/lib/action_controller/base.rb:806:in `render_file'
    /usr/local/lib/ruby/gems/1.8/gems/actionpack-1.13.3/lib/action_controller/base.rb:711:in `render_with_no_layout'
    /usr/local/lib/ruby/gems/1.8/gems/actionpack-1.13.3/lib/action_controller/layout.rb:247:in `render_without_benchmark'
    /usr/local/lib/ruby/gems/1.8/gems/actionpack-1.13.3/lib/action_controller/benchmarking.rb:50:in `render'
    /usr/local/lib/ruby/1.8/benchmark.rb:293:in `measure'
    /usr/local/lib/ruby/gems/1.8/gems/actionpack-1.13.3/lib/action_controller/benchmarking.rb:50:in `render'
    /usr/local/lib/ruby/gems/1.8/gems/actionpack-1.13.3/lib/action_controller/base.rb:1096:in `perform_action_without_filters'
    /usr/local/lib/ruby/gems/1.8/gems/actionpack-1.13.3/lib/action_controller/filters.rb:632:in `call_filter'
    /usr/local/lib/ruby/gems/1.8/gems/actionpack-1.13.3/lib/action_controller/filters.rb:634:in `call_filter'
    /usr/local/lib/ruby/gems/1.8/gems/actionpack-1.13.3/lib/action_controller/filters.rb:619:in `perform_action_without_benchmark'
    /usr/local/lib/ruby/gems/1.8/gems/actionpack-1.13.3/lib/action_controller/benchmarking.rb:66:in `perform_action_without_rescue'
    /usr/local/lib/ruby/1.8/benchmark.rb:293:in `measure'
    /usr/local/lib/ruby/gems/1.8/gems/actionpack-1.13.3/lib/action_controller/benchmarking.rb:66:in `perform_action_without_rescue'
    /usr/local/lib/ruby/gems/1.8/gems/actionpack-1.13.3/lib/action_controller/rescue.rb:83:in `perform_action'
    /usr/local/lib/ruby/gems/1.8/gems/actionpack-1.13.3/lib/action_controller/base.rb:430:in `send'
    /usr/local/lib/ruby/gems/1.8/gems/actionpack-1.13.3/lib/action_controller/base.rb:430:in `process_without_filters'
    /usr/local/lib/ruby/gems/1.8/gems/actionpack-1.13.3/lib/action_controller/filters.rb:624:in `process_without_session_management_support'
    /usr/local/lib/ruby/gems/1.8/gems/actionpack-1.13.3/lib/action_controller/session_management.rb:114:in `process'
    /usr/local/lib/ruby/gems/1.8/gems/actionpack-1.13.3/lib/action_controller/base.rb:330:in `process'
    /usr/local/lib/ruby/gems/1.8/gems/rails-1.2.3/lib/dispatcher.rb:41:in `dispatch'
    /usr/local/lib/ruby/gems/1.8/gems/mongrel-1.0.1/lib/mongrel/rails.rb:78:in `process'
    /usr/local/lib/ruby/gems/1.8/gems/mongrel-1.0.1/lib/mongrel/rails.rb:76:in `synchronize'
    /usr/local/lib/ruby/gems/1.8/gems/mongrel-1.0.1/lib/mongrel/rails.rb:76:in `process'
    /usr/local/lib/ruby/gems/1.8/gems/mongrel-1.0.1/lib/mongrel.rb:618:in `process_client'
    /usr/local/lib/ruby/gems/1.8/gems/mongrel-1.0.1/lib/mongrel.rb:617:in `each'
    /usr/local/lib/ruby/gems/1.8/gems/mongrel-1.0.1/lib/mongrel.rb:617:in `process_client'
    /usr/local/lib/ruby/gems/1.8/gems/mongrel-1.0.1/lib/mongrel.rb:736:in `run'
    /usr/local/lib/ruby/gems/1.8/gems/mongrel-1.0.1/lib/mongrel.rb:736:in `initialize'
    /usr/local/lib/ruby/gems/1.8/gems/mongrel-1.0.1/lib/mongrel.rb:736:in `new'
    /usr/local/lib/ruby/gems/1.8/gems/mongrel-1.0.1/lib/mongrel.rb:736:in `run'
    /usr/local/lib/ruby/gems/1.8/gems/mongrel-1.0.1/lib/mongrel.rb:720:in `initialize'
    /usr/local/lib/ruby/gems/1.8/gems/mongrel-1.0.1/lib/mongrel.rb:720:in `new'
    /usr/local/lib/ruby/gems/1.8/gems/mongrel-1.0.1/lib/mongrel.rb:720:in `run'
    /usr/local/lib/ruby/gems/1.8/gems/mongrel-1.0.1/lib/mongrel/configurator.rb:271:in `run'
    /usr/local/lib/ruby/gems/1.8/gems/mongrel-1.0.1/lib/mongrel/configurator.rb:270:in `each'
    /usr/local/lib/ruby/gems/1.8/gems/mongrel-1.0.1/lib/mongrel/configurator.rb:270:in `run'
    /usr/local/lib/ruby/gems/1.8/gems/mongrel-1.0.1/bin/mongrel_rails:127:in `run'
    /usr/local/lib/ruby/gems/1.8/gems/mongrel-1.0.1/lib/mongrel/command.rb:211:in `run'
    /usr/local/lib/ruby/gems/1.8/gems/mongrel-1.0.1/bin/mongrel_rails:243
    /usr/local/lib/ruby/gems/1.8/gems/activesupport-1.4.2/lib/active_support/dependencies.rb:488:in `load'
    /usr/local/lib/ruby/gems/1.8/gems/activesupport-1.4.2/lib/active_support/dependencies.rb:488:in `load'
    /usr/local/lib/ruby/gems/1.8/gems/activesupport-1.4.2/lib/active_support/dependencies.rb:342:in `new_constants_in'
    /usr/local/lib/ruby/gems/1.8/gems/activesupport-1.4.2/lib/active_support/dependencies.rb:488:in `load'
    /usr/local/lib/ruby/gems/1.8/gems/rails-1.2.3/lib/commands/servers/mongrel.rb:60
    /usr/local/lib/ruby/site_ruby/1.8/rubygems/custom_require.rb:27:in `gem_original_require'
    /usr/local/lib/ruby/site_ruby/1.8/rubygems/custom_require.rb:27:in `require'
    /usr/local/lib/ruby/gems/1.8/gems/activesupport-1.4.2/lib/active_support/dependencies.rb:495:in `require'
    /usr/local/lib/ruby/gems/1.8/gems/activesupport-1.4.2/lib/active_support/dependencies.rb:342:in `new_constants_in'
    /usr/local/lib/ruby/gems/1.8/gems/activesupport-1.4.2/lib/active_support/dependencies.rb:495:in `require'
    /usr/local/lib/ruby/gems/1.8/gems/rails-1.2.3/lib/commands/server.rb:39
    /usr/local/lib/ruby/site_ruby/1.8/rubygems/custom_require.rb:27:in `gem_original_require'
    /usr/local/lib/ruby/site_ruby/1.8/rubygems/custom_require.rb:27:in `require'
    script/server:3


Rendering /usr/local/lib/ruby/gems/1.8/gems/actionpack-1.13.3/lib/action_controller/templates/rescues/layout.rhtml (500 Internal Error)


Processing BlogController#list (for 127.0.0.1 at 2007-05-27 22:50:03) [GET]
  Session ID: d30e79480dbb4b069e1b374dcf224fe6
  Parameters: {"action"=>"list", "controller"=>"blog"}
  [4;36;1mPost Load (0.004326)[0m   [0;1mSELECT * FROM posts [0m
Rendering  within layouts/blog
Rendering blog/list
  [4;35;1mPost Columns (0.003875)[0m   [0mSHOW FIELDS FROM posts[0m
Rendered blog/_post (0.01992)
Rendered blog/_post (0.00907)
Completed in 0.06559 (15 reqs/sec) | Rendering: 0.03086 (47%) | DB: 0.01435 (21%) | 200 OK [http://0.0.0.0/blog/list]


Processing BlogController#list (for 127.0.0.1 at 2007-05-27 22:51:05) [GET]
  Session ID: d30e79480dbb4b069e1b374dcf224fe6
  Parameters: {"action"=>"list", "controller"=>"blog"}
  [4;36;1mPost Load (0.001339)[0m   [0;1mSELECT * FROM posts [0m
Rendering  within layouts/blog
Rendering blog/list
  [4;35;1mPost Columns (0.005883)[0m   [0mSHOW FIELDS FROM posts[0m
Rendered blog/_post (0.01499)
Rendered blog/_post (0.00236)
Completed in 0.06593 (15 reqs/sec) | Rendering: 0.02059 (31%) | DB: 0.00722 (10%) | 200 OK [http://0.0.0.0/blog/list]


Processing BlogController#list (for 127.0.0.1 at 2007-05-27 22:53:09) [GET]
  Session ID: d30e79480dbb4b069e1b374dcf224fe6
  Parameters: {"action"=>"list", "controller"=>"blog"}
  [4;36;1mPost Load (0.001194)[0m   [0;1mSELECT * FROM posts [0m
Rendering  within layouts/blog
Rendering blog/list
  [4;35;1mPost Columns (0.004850)[0m   [0mSHOW FIELDS FROM posts[0m
Rendered blog/_post (0.01838)
Rendered blog/_post (0.00340)
Completed in 0.08089 (12 reqs/sec) | Rendering: 0.02617 (32%) | DB: 0.00604 (7%) | 200 OK [http://0.0.0.0/blog/list]


Processing BlogController#list (for 127.0.0.1 at 2007-05-27 23:32:01) [GET]
  Session ID: d30e79480dbb4b069e1b374dcf224fe6
  Parameters: {"action"=>"list", "controller"=>"blog"}
  [4;36;1mSQL (0.000470)[0m   [0;1mSET SQL_AUTO_IS_NULL=0[0m
  [4;35;1mPost Load (0.001090)[0m   [0mSELECT * FROM posts [0m
Rendering  within layouts/blog
Rendering blog/list
  [4;36;1mPost Columns (0.003917)[0m   [0;1mSHOW FIELDS FROM posts[0m
Rendered blog/_post (0.23180)
Rendered blog/_post (0.00256)
Completed in 0.31517 (3 reqs/sec) | Rendering: 0.24413 (77%) | DB: 0.00548 (1%) | 200 OK [http://0.0.0.0/blog/list]


Processing BlogController#edit (for 127.0.0.1 at 2007-05-27 23:32:04) [GET]
  Session ID: d30e79480dbb4b069e1b374dcf224fe6
  Parameters: {"action"=>"edit", "id"=>"2", "controller"=>"blog"}
  [4;35;1mPost Columns (0.004698)[0m   [0mSHOW FIELDS FROM posts[0m
  [4;36;1mPost Load (0.043563)[0m   [0;1mSELECT * FROM posts WHERE (posts.`id` = 2) [0m
Rendering  within layouts/blog
Rendering blog/edit
Rendered blog/_form (0.01053)
Completed in 0.11132 (8 reqs/sec) | Rendering: 0.02484 (22%) | DB: 0.04826 (43%) | 200 OK [http://0.0.0.0/blog/edit/2]


Processing BlogController#list (for 127.0.0.1 at 2007-05-27 23:32:06) [GET]
  Session ID: d30e79480dbb4b069e1b374dcf224fe6
  Parameters: {"action"=>"list", "controller"=>"blog"}
  [4;35;1mPost Load (0.001088)[0m   [0mSELECT * FROM posts [0m
Rendering  within layouts/blog
Rendering blog/list
  [4;36;1mPost Columns (0.003850)[0m   [0;1mSHOW FIELDS FROM posts[0m
Rendered blog/_post (0.01563)
Rendered blog/_post (0.00243)
Completed in 0.09711 (10 reqs/sec) | Rendering: 0.01952 (20%) | DB: 0.00494 (5%) | 200 OK [http://0.0.0.0/blog/list]


Processing BlogController#show (for 127.0.0.1 at 2007-05-27 23:32:11) [GET]
  Session ID: d30e79480dbb4b069e1b374dcf224fe6
  Parameters: {"action"=>"show", "id"=>"2", "controller"=>"blog"}
  [4;35;1mPost Columns (0.004359)[0m   [0mSHOW FIELDS FROM posts[0m
  [4;36;1mPost Load (0.044012)[0m   [0;1mSELECT * FROM posts WHERE (posts.`id` = 2) [0m
Rendering  within layouts/blog
Rendering blog/show
Rendered blog/_post (0.00635)
  [4;35;1mComment Load (0.001086)[0m   [0mSELECT * FROM comments WHERE (comments.post_id = 2) [0m
Completed in 0.11208 (8 reqs/sec) | Rendering: 0.03719 (33%) | DB: 0.04946 (44%) | 200 OK [http://0.0.0.0/blog/show/2]


Processing BlogController#comment (for 127.0.0.1 at 2007-05-27 23:32:16) [POST]
  Session ID: d30e79480dbb4b069e1b374dcf224fe6
  Parameters: {"commit"=>"Comment!", "action"=>"comment", "controller"=>"blog", "comment"=>{"body"=>"ok"}}


ActionController::UnknownAction (No action responded to comment):
    /usr/local/lib/ruby/gems/1.8/gems/actionpack-1.13.3/lib/action_controller/filters.rb:632:in `call_filter'
    /usr/local/lib/ruby/gems/1.8/gems/actionpack-1.13.3/lib/action_controller/filters.rb:634:in `call_filter'
    /usr/local/lib/ruby/gems/1.8/gems/actionpack-1.13.3/lib/action_controller/filters.rb:619:in `perform_action_without_benchmark'
    /usr/local/lib/ruby/gems/1.8/gems/actionpack-1.13.3/lib/action_controller/benchmarking.rb:66:in `perform_action_without_rescue'
    /usr/local/lib/ruby/1.8/benchmark.rb:293:in `measure'
    /usr/local/lib/ruby/gems/1.8/gems/actionpack-1.13.3/lib/action_controller/benchmarking.rb:66:in `perform_action_without_rescue'
    /usr/local/lib/ruby/gems/1.8/gems/actionpack-1.13.3/lib/action_controller/rescue.rb:83:in `perform_action'
    /usr/local/lib/ruby/gems/1.8/gems/actionpack-1.13.3/lib/action_controller/base.rb:430:in `send'
    /usr/local/lib/ruby/gems/1.8/gems/actionpack-1.13.3/lib/action_controller/base.rb:430:in `process_without_filters'
    /usr/local/lib/ruby/gems/1.8/gems/actionpack-1.13.3/lib/action_controller/filters.rb:624:in `process_without_session_management_support'
    /usr/local/lib/ruby/gems/1.8/gems/actionpack-1.13.3/lib/action_controller/session_management.rb:114:in `process'
    /usr/local/lib/ruby/gems/1.8/gems/actionpack-1.13.3/lib/action_controller/base.rb:330:in `process'
    /usr/local/lib/ruby/gems/1.8/gems/rails-1.2.3/lib/dispatcher.rb:41:in `dispatch'
    /usr/local/lib/ruby/gems/1.8/gems/mongrel-1.0.1/lib/mongrel/rails.rb:78:in `process'
    /usr/local/lib/ruby/gems/1.8/gems/mongrel-1.0.1/lib/mongrel/rails.rb:76:in `synchronize'
    /usr/local/lib/ruby/gems/1.8/gems/mongrel-1.0.1/lib/mongrel/rails.rb:76:in `process'
    /usr/local/lib/ruby/gems/1.8/gems/mongrel-1.0.1/lib/mongrel.rb:618:in `process_client'
    /usr/local/lib/ruby/gems/1.8/gems/mongrel-1.0.1/lib/mongrel.rb:617:in `each'
    /usr/local/lib/ruby/gems/1.8/gems/mongrel-1.0.1/lib/mongrel.rb:617:in `process_client'
    /usr/local/lib/ruby/gems/1.8/gems/mongrel-1.0.1/lib/mongrel.rb:736:in `run'
    /usr/local/lib/ruby/gems/1.8/gems/mongrel-1.0.1/lib/mongrel.rb:736:in `initialize'
    /usr/local/lib/ruby/gems/1.8/gems/mongrel-1.0.1/lib/mongrel.rb:736:in `new'
    /usr/local/lib/ruby/gems/1.8/gems/mongrel-1.0.1/lib/mongrel.rb:736:in `run'
    /usr/local/lib/ruby/gems/1.8/gems/mongrel-1.0.1/lib/mongrel.rb:720:in `initialize'
    /usr/local/lib/ruby/gems/1.8/gems/mongrel-1.0.1/lib/mongrel.rb:720:in `new'
    /usr/local/lib/ruby/gems/1.8/gems/mongrel-1.0.1/lib/mongrel.rb:720:in `run'
    /usr/local/lib/ruby/gems/1.8/gems/mongrel-1.0.1/lib/mongrel/configurator.rb:271:in `run'
    /usr/local/lib/ruby/gems/1.8/gems/mongrel-1.0.1/lib/mongrel/configurator.rb:270:in `each'
    /usr/local/lib/ruby/gems/1.8/gems/mongrel-1.0.1/lib/mongrel/configurator.rb:270:in `run'
    /usr/local/lib/ruby/gems/1.8/gems/mongrel-1.0.1/bin/mongrel_rails:127:in `run'
    /usr/local/lib/ruby/gems/1.8/gems/mongrel-1.0.1/lib/mongrel/command.rb:211:in `run'
    /usr/local/lib/ruby/gems/1.8/gems/mongrel-1.0.1/bin/mongrel_rails:243
    /usr/local/lib/ruby/gems/1.8/gems/activesupport-1.4.2/lib/active_support/dependencies.rb:488:in `load'
    /usr/local/lib/ruby/gems/1.8/gems/activesupport-1.4.2/lib/active_support/dependencies.rb:488:in `load'
    /usr/local/lib/ruby/gems/1.8/gems/activesupport-1.4.2/lib/active_support/dependencies.rb:342:in `new_constants_in'
    /usr/local/lib/ruby/gems/1.8/gems/activesupport-1.4.2/lib/active_support/dependencies.rb:488:in `load'
    /usr/local/lib/ruby/gems/1.8/gems/rails-1.2.3/lib/commands/servers/mongrel.rb:60
    /usr/local/lib/ruby/site_ruby/1.8/rubygems/custom_require.rb:27:in `gem_original_require'
    /usr/local/lib/ruby/site_ruby/1.8/rubygems/custom_require.rb:27:in `require'
    /usr/local/lib/ruby/gems/1.8/gems/activesupport-1.4.2/lib/active_support/dependencies.rb:495:in `require'
    /usr/local/lib/ruby/gems/1.8/gems/activesupport-1.4.2/lib/active_support/dependencies.rb:342:in `new_constants_in'
    /usr/local/lib/ruby/gems/1.8/gems/activesupport-1.4.2/lib/active_support/dependencies.rb:495:in `require'
    /usr/local/lib/ruby/gems/1.8/gems/rails-1.2.3/lib/commands/server.rb:39
    /usr/local/lib/ruby/site_ruby/1.8/rubygems/custom_require.rb:27:in `gem_original_require'
    /usr/local/lib/ruby/site_ruby/1.8/rubygems/custom_require.rb:27:in `require'
    script/server:3


Rendering /usr/local/lib/ruby/gems/1.8/gems/actionpack-1.13.3/lib/action_controller/templates/rescues/layout.rhtml (404 Page Not Found)


Processing BlogController#edit (for 127.0.0.1 at 2007-05-27 23:32:27) [GET]
  Session ID: d30e79480dbb4b069e1b374dcf224fe6
  Parameters: {"action"=>"edit", "id"=>"1", "controller"=>"blog"}
  [4;36;1mPost Columns (0.003824)[0m   [0;1mSHOW FIELDS FROM posts[0m
  [4;35;1mPost Load (0.044436)[0m   [0mSELECT * FROM posts WHERE (posts.`id` = 1) [0m
Rendering  within layouts/blog
Rendering blog/edit
Rendered blog/_form (0.00722)
Completed in 0.10017 (9 reqs/sec) | Rendering: 0.01855 (18%) | DB: 0.04826 (48%) | 200 OK [http://0.0.0.0/blog/edit/1]


Processing BlogController#list (for 127.0.0.1 at 2007-05-27 23:32:31) [GET]
  Session ID: d30e79480dbb4b069e1b374dcf224fe6
  Parameters: {"action"=>"list", "controller"=>"blog"}
  [4;36;1mPost Load (0.001347)[0m   [0;1mSELECT * FROM posts [0m
Rendering  within layouts/blog
Rendering blog/list
  [4;35;1mPost Columns (0.008815)[0m   [0mSHOW FIELDS FROM posts[0m
Rendered blog/_post (0.02377)
Rendered blog/_post (0.00257)
Completed in 0.08402 (11 reqs/sec) | Rendering: 0.02414 (28%) | DB: 0.01016 (12%) | 200 OK [http://0.0.0.0/blog/list]


Processing BlogController#show (for 127.0.0.1 at 2007-05-27 23:32:32) [GET]
  Session ID: d30e79480dbb4b069e1b374dcf224fe6
  Parameters: {"action"=>"show", "id"=>"1", "controller"=>"blog"}
  [4;36;1mPost Columns (0.003981)[0m   [0;1mSHOW FIELDS FROM posts[0m
  [4;35;1mPost Load (0.003248)[0m   [0mSELECT * FROM posts WHERE (posts.`id` = 1) [0m
Rendering  within layouts/blog
Rendering blog/show
Rendered blog/_post (0.00695)
  [4;36;1mComment Load (0.001008)[0m   [0;1mSELECT * FROM comments WHERE (comments.post_id = 1) [0m
  [4;35;1mComment Columns (0.003745)[0m   [0mSHOW FIELDS FROM comments[0m
Completed in 0.07878 (12 reqs/sec) | Rendering: 0.03516 (44%) | DB: 0.01198 (15%) | 200 OK [http://0.0.0.0/blog/show/1]


Processing BlogController#comment (for 127.0.0.1 at 2007-05-27 23:39:00) [POST]
  Session ID: d30e79480dbb4b069e1b374dcf224fe6
  Parameters: {"commit"=>"Comment!", "action"=>"comment", "controller"=>"blog", "comment"=>{"body"=>"ok"}}


ActiveRecord::RecordNotFound (Couldn't find Post without an ID):
    /usr/local/lib/ruby/gems/1.8/gems/activerecord-1.15.3/lib/active_record/base.rb:1012:in `find_from_ids'
    /usr/local/lib/ruby/gems/1.8/gems/activerecord-1.15.3/lib/active_record/base.rb:419:in `find'
    .//app/controllers/blog_controller.rb:53:in `comment'
    /usr/local/lib/ruby/gems/1.8/gems/actionpack-1.13.3/lib/action_controller/base.rb:1095:in `send'
    /usr/local/lib/ruby/gems/1.8/gems/actionpack-1.13.3/lib/action_controller/base.rb:1095:in `perform_action_without_filters'
    /usr/local/lib/ruby/gems/1.8/gems/actionpack-1.13.3/lib/action_controller/filters.rb:632:in `call_filter'
    /usr/local/lib/ruby/gems/1.8/gems/actionpack-1.13.3/lib/action_controller/filters.rb:634:in `call_filter'
    /usr/local/lib/ruby/gems/1.8/gems/actionpack-1.13.3/lib/action_controller/filters.rb:619:in `perform_action_without_benchmark'
    /usr/local/lib/ruby/gems/1.8/gems/actionpack-1.13.3/lib/action_controller/benchmarking.rb:66:in `perform_action_without_rescue'
    /usr/local/lib/ruby/1.8/benchmark.rb:293:in `measure'
    /usr/local/lib/ruby/gems/1.8/gems/actionpack-1.13.3/lib/action_controller/benchmarking.rb:66:in `perform_action_without_rescue'
    /usr/local/lib/ruby/gems/1.8/gems/actionpack-1.13.3/lib/action_controller/rescue.rb:83:in `perform_action'
    /usr/local/lib/ruby/gems/1.8/gems/actionpack-1.13.3/lib/action_controller/base.rb:430:in `send'
    /usr/local/lib/ruby/gems/1.8/gems/actionpack-1.13.3/lib/action_controller/base.rb:430:in `process_without_filters'
    /usr/local/lib/ruby/gems/1.8/gems/actionpack-1.13.3/lib/action_controller/filters.rb:624:in `process_without_session_management_support'
    /usr/local/lib/ruby/gems/1.8/gems/actionpack-1.13.3/lib/action_controller/session_management.rb:114:in `process'
    /usr/local/lib/ruby/gems/1.8/gems/actionpack-1.13.3/lib/action_controller/base.rb:330:in `process'
    /usr/local/lib/ruby/gems/1.8/gems/rails-1.2.3/lib/dispatcher.rb:41:in `dispatch'
    /usr/local/lib/ruby/gems/1.8/gems/mongrel-1.0.1/lib/mongrel/rails.rb:78:in `process'
    /usr/local/lib/ruby/gems/1.8/gems/mongrel-1.0.1/lib/mongrel/rails.rb:76:in `synchronize'
    /usr/local/lib/ruby/gems/1.8/gems/mongrel-1.0.1/lib/mongrel/rails.rb:76:in `process'
    /usr/local/lib/ruby/gems/1.8/gems/mongrel-1.0.1/lib/mongrel.rb:618:in `process_client'
    /usr/local/lib/ruby/gems/1.8/gems/mongrel-1.0.1/lib/mongrel.rb:617:in `each'
    /usr/local/lib/ruby/gems/1.8/gems/mongrel-1.0.1/lib/mongrel.rb:617:in `process_client'
    /usr/local/lib/ruby/gems/1.8/gems/mongrel-1.0.1/lib/mongrel.rb:736:in `run'
    /usr/local/lib/ruby/gems/1.8/gems/mongrel-1.0.1/lib/mongrel.rb:736:in `initialize'
    /usr/local/lib/ruby/gems/1.8/gems/mongrel-1.0.1/lib/mongrel.rb:736:in `new'
    /usr/local/lib/ruby/gems/1.8/gems/mongrel-1.0.1/lib/mongrel.rb:736:in `run'
    /usr/local/lib/ruby/gems/1.8/gems/mongrel-1.0.1/lib/mongrel.rb:720:in `initialize'
    /usr/local/lib/ruby/gems/1.8/gems/mongrel-1.0.1/lib/mongrel.rb:720:in `new'
    /usr/local/lib/ruby/gems/1.8/gems/mongrel-1.0.1/lib/mongrel.rb:720:in `run'
    /usr/local/lib/ruby/gems/1.8/gems/mongrel-1.0.1/lib/mongrel/configurator.rb:271:in `run'
    /usr/local/lib/ruby/gems/1.8/gems/mongrel-1.0.1/lib/mongrel/configurator.rb:270:in `each'
    /usr/local/lib/ruby/gems/1.8/gems/mongrel-1.0.1/lib/mongrel/configurator.rb:270:in `run'
    /usr/local/lib/ruby/gems/1.8/gems/mongrel-1.0.1/bin/mongrel_rails:127:in `run'
    /usr/local/lib/ruby/gems/1.8/gems/mongrel-1.0.1/lib/mongrel/command.rb:211:in `run'
    /usr/local/lib/ruby/gems/1.8/gems/mongrel-1.0.1/bin/mongrel_rails:243
    /usr/local/lib/ruby/gems/1.8/gems/activesupport-1.4.2/lib/active_support/dependencies.rb:488:in `load'
    /usr/local/lib/ruby/gems/1.8/gems/activesupport-1.4.2/lib/active_support/dependencies.rb:488:in `load'
    /usr/local/lib/ruby/gems/1.8/gems/activesupport-1.4.2/lib/active_support/dependencies.rb:342:in `new_constants_in'
    /usr/local/lib/ruby/gems/1.8/gems/activesupport-1.4.2/lib/active_support/dependencies.rb:488:in `load'
    /usr/local/lib/ruby/gems/1.8/gems/rails-1.2.3/lib/commands/servers/mongrel.rb:60
    /usr/local/lib/ruby/site_ruby/1.8/rubygems/custom_require.rb:27:in `gem_original_require'
    /usr/local/lib/ruby/site_ruby/1.8/rubygems/custom_require.rb:27:in `require'
    /usr/local/lib/ruby/gems/1.8/gems/activesupport-1.4.2/lib/active_support/dependencies.rb:495:in `require'
    /usr/local/lib/ruby/gems/1.8/gems/activesupport-1.4.2/lib/active_support/dependencies.rb:342:in `new_constants_in'
    /usr/local/lib/ruby/gems/1.8/gems/activesupport-1.4.2/lib/active_support/dependencies.rb:495:in `require'
    /usr/local/lib/ruby/gems/1.8/gems/rails-1.2.3/lib/commands/server.rb:39
    /usr/local/lib/ruby/site_ruby/1.8/rubygems/custom_require.rb:27:in `gem_original_require'
    /usr/local/lib/ruby/site_ruby/1.8/rubygems/custom_require.rb:27:in `require'
    script/server:3


Rendering /usr/local/lib/ruby/gems/1.8/gems/actionpack-1.13.3/lib/action_controller/templates/rescues/layout.rhtml (500 Internal Error)


Processing BlogController#show (for 127.0.0.1 at 2007-05-27 23:39:08) [GET]
  Session ID: d30e79480dbb4b069e1b374dcf224fe6
  Parameters: {"action"=>"show", "id"=>"1", "controller"=>"blog"}
  [4;36;1mPost Columns (0.003731)[0m   [0;1mSHOW FIELDS FROM posts[0m
  [4;35;1mPost Load (0.045707)[0m   [0mSELECT * FROM posts WHERE (posts.`id` = 1) [0m
Rendering  within layouts/blog
Rendering blog/show
Rendered blog/_post (0.00733)
  [4;36;1mComment Load (0.001015)[0m   [0;1mSELECT * FROM comments WHERE (comments.post_id = 1) [0m
  [4;35;1mComment Columns (0.003628)[0m   [0mSHOW FIELDS FROM comments[0m
Completed in 0.36207 (2 reqs/sec) | Rendering: 0.28227 (77%) | DB: 0.05408 (14%) | 200 OK [http://0.0.0.0/blog/show/1]


Processing BlogController#comment (for 127.0.0.1 at 2007-05-27 23:39:11) [POST]
  Session ID: d30e79480dbb4b069e1b374dcf224fe6
  Parameters: {"commit"=>"Comment!", "action"=>"comment", "id"=>"1", "controller"=>"blog", "comment"=>{"body"=>"aaa"}}
  [4;36;1mPost Columns (0.007879)[0m   [0;1mSHOW FIELDS FROM posts[0m
  [4;35;1mPost Load (0.043876)[0m   [0mSELECT * FROM posts WHERE (posts.`id` = 1) [0m
  [4;36;1mComment Columns (0.003665)[0m   [0;1mSHOW FIELDS FROM comments[0m
  [4;35;1mSQL (0.002534)[0m   [0mBEGIN[0m
  [4;36;1mSQL (0.000867)[0m   [0;1mINSERT INTO comments (`body`, `post_id`) VALUES(NULL, 1)[0m
  [4;35;1mSQL (0.000343)[0m   [0mCOMMIT[0m
Redirected to http://0.0.0.0:3000/blog/show/1
Completed in 0.12934 (7 reqs/sec) | DB: 0.05916 (45%) | 302 Found [http://0.0.0.0/blog/comment/1]


Processing BlogController#show (for 127.0.0.1 at 2007-05-27 23:39:12) [GET]
  Session ID: d30e79480dbb4b069e1b374dcf224fe6
  Parameters: {"action"=>"show", "id"=>"1", "controller"=>"blog"}
  [4;36;1mPost Columns (0.003709)[0m   [0;1mSHOW FIELDS FROM posts[0m
  [4;35;1mPost Load (0.003046)[0m   [0mSELECT * FROM posts WHERE (posts.`id` = 1) [0m
Rendering  within layouts/blog
Rendering blog/show
Rendered blog/_post (0.00657)
  [4;36;1mComment Load (0.001332)[0m   [0;1mSELECT * FROM comments WHERE (comments.post_id = 1) [0m
  [4;35;1mComment Columns (0.003516)[0m   [0mSHOW FIELDS FROM comments[0m
Completed in 0.06956 (14 reqs/sec) | Rendering: 0.03336 (47%) | DB: 0.01160 (16%) | 200 OK [http://0.0.0.0/blog/show/1]


Processing BlogController#show (for 127.0.0.1 at 2007-05-27 23:39:20) [GET]
  Session ID: d30e79480dbb4b069e1b374dcf224fe6
  Parameters: {"action"=>"show", "id"=>"1", "controller"=>"blog"}
  [4;36;1mPost Columns (0.004370)[0m   [0;1mSHOW FIELDS FROM posts[0m
  [4;35;1mPost Load (0.044028)[0m   [0mSELECT * FROM posts WHERE (posts.`id` = 1) [0m
Rendering  within layouts/blog
Rendering blog/show
Rendered blog/_post (0.00678)
  [4;36;1mComment Load (0.001237)[0m   [0;1mSELECT * FROM comments WHERE (comments.post_id = 1) [0m
  [4;35;1mComment Columns (0.003485)[0m   [0mSHOW FIELDS FROM comments[0m
Completed in 0.11146 (8 reqs/sec) | Rendering: 0.03379 (30%) | DB: 0.05312 (47%) | 200 OK [http://0.0.0.0/blog/show/1]


Processing BlogController#show (for 127.0.0.1 at 2007-05-27 23:39:21) [GET]
  Session ID: d30e79480dbb4b069e1b374dcf224fe6
  Parameters: {"action"=>"show", "id"=>"1", "controller"=>"blog"}
  [4;36;1mPost Columns (0.003764)[0m   [0;1mSHOW FIELDS FROM posts[0m
  [4;35;1mPost Load (0.044350)[0m   [0mSELECT * FROM posts WHERE (posts.`id` = 1) [0m
Rendering  within layouts/blog
Rendering blog/show
Rendered blog/_post (0.01015)
  [4;36;1mComment Load (0.001501)[0m   [0;1mSELECT * FROM comments WHERE (comments.post_id = 1) [0m
  [4;35;1mComment Columns (0.004681)[0m   [0mSHOW FIELDS FROM comments[0m
Completed in 0.14224 (7 reqs/sec) | Rendering: 0.05216 (36%) | DB: 0.05430 (38%) | 200 OK [http://0.0.0.0/blog/show/1]


Processing BlogController#list (for 127.0.0.1 at 2007-05-27 23:39:24) [GET]
  Session ID: d30e79480dbb4b069e1b374dcf224fe6
  Parameters: {"action"=>"list", "controller"=>"blog"}
  [4;36;1mPost Load (0.001199)[0m   [0;1mSELECT * FROM posts [0m
Rendering  within layouts/blog
Rendering blog/list
  [4;35;1mPost Columns (0.003639)[0m   [0mSHOW FIELDS FROM posts[0m
Rendered blog/_post (0.01282)
Rendered blog/_post (0.00225)
Completed in 0.04642 (21 reqs/sec) | Rendering: 0.01807 (38%) | DB: 0.00484 (10%) | 200 OK [http://0.0.0.0/blog/list]


Processing BlogController#show (for 127.0.0.1 at 2007-05-27 23:39:26) [GET]
  Session ID: d30e79480dbb4b069e1b374dcf224fe6
  Parameters: {"action"=>"show", "id"=>"1", "controller"=>"blog"}
  [4;36;1mPost Columns (0.003799)[0m   [0;1mSHOW FIELDS FROM posts[0m
  [4;35;1mPost Load (0.044300)[0m   [0mSELECT * FROM posts WHERE (posts.`id` = 1) [0m
Rendering  within layouts/blog
Rendering blog/show
Rendered blog/_post (0.00656)
  [4;36;1mComment Load (0.001261)[0m   [0;1mSELECT * FROM comments WHERE (comments.post_id = 1) [0m
  [4;35;1mComment Columns (0.003628)[0m   [0mSHOW FIELDS FROM comments[0m
Completed in 0.11135 (8 reqs/sec) | Rendering: 0.03364 (30%) | DB: 0.05299 (47%) | 200 OK [http://0.0.0.0/blog/show/1]


Processing BlogController#show (for 127.0.0.1 at 2007-05-27 23:39:34) [GET]
  Session ID: d30e79480dbb4b069e1b374dcf224fe6
  Parameters: {"action"=>"show", "id"=>"1", "controller"=>"blog"}
  [4;36;1mPost Columns (0.003930)[0m   [0;1mSHOW FIELDS FROM posts[0m
  [4;35;1mPost Load (0.045706)[0m   [0mSELECT * FROM posts WHERE (posts.`id` = 1) [0m
Rendering  within layouts/blog
Rendering blog/show
Rendered blog/_post (0.01198)
  [4;36;1mComment Load (0.001149)[0m   [0;1mSELECT * FROM comments WHERE (comments.post_id = 1) [0m
  [4;35;1mComment Columns (0.003678)[0m   [0mSHOW FIELDS FROM comments[0m
Completed in 0.16985 (5 reqs/sec) | Rendering: 0.04679 (27%) | DB: 0.05446 (32%) | 200 OK [http://0.0.0.0/blog/show/1]


Processing BlogController#show (for 127.0.0.1 at 2007-05-27 23:44:46) [GET]
  Session ID: d30e79480dbb4b069e1b374dcf224fe6
  Parameters: {"action"=>"show", "id"=>"1", "controller"=>"blog"}
  [4;36;1mPost Columns (0.005296)[0m   [0;1mSHOW FIELDS FROM posts[0m
  [4;35;1mPost Load (0.044748)[0m   [0mSELECT * FROM posts WHERE (posts.`id` = 1) [0m
Rendering  within layouts/blog
Rendering blog/show
Rendered blog/_post (0.01051)
  [4;36;1mComment Load (0.001747)[0m   [0;1mSELECT * FROM comments WHERE (comments.post_id = 1) [0m
  [4;35;1mComment Columns (0.004907)[0m   [0mSHOW FIELDS FROM comments[0m
Completed in 0.17204 (5 reqs/sec) | Rendering: 0.06089 (35%) | DB: 0.05670 (32%) | 200 OK [http://0.0.0.0/blog/show/1]


Processing BlogController#comment (for 127.0.0.1 at 2007-05-27 23:44:51) [POST]
  Session ID: d30e79480dbb4b069e1b374dcf224fe6
  Parameters: {"commit"=>"Comment!", "action"=>"comment", "id"=>"1", "controller"=>"blog", "comment"=>{"body"=>"test"}}
  [4;36;1mPost Columns (0.003667)[0m   [0;1mSHOW FIELDS FROM posts[0m
  [4;35;1mPost Load (0.045003)[0m   [0mSELECT * FROM posts WHERE (posts.`id` = 1) [0m
  [4;36;1mComment Columns (0.003699)[0m   [0;1mSHOW FIELDS FROM comments[0m
  [4;35;1mSQL (0.002462)[0m   [0mBEGIN[0m
  [4;36;1mSQL (0.000843)[0m   [0;1mINSERT INTO comments (`body`, `post_id`) VALUES('test', 1)[0m
  [4;35;1mSQL (0.000327)[0m   [0mCOMMIT[0m
Redirected to http://0.0.0.0:3000/blog/show/1
Completed in 0.11008 (9 reqs/sec) | DB: 0.05600 (50%) | 302 Found [http://0.0.0.0/blog/comment/1]


Processing BlogController#show (for 127.0.0.1 at 2007-05-27 23:44:51) [GET]
  Session ID: d30e79480dbb4b069e1b374dcf224fe6
  Parameters: {"action"=>"show", "id"=>"1", "controller"=>"blog"}
  [4;36;1mPost Columns (0.003863)[0m   [0;1mSHOW FIELDS FROM posts[0m
  [4;35;1mPost Load (0.003149)[0m   [0mSELECT * FROM posts WHERE (posts.`id` = 1) [0m
Rendering  within layouts/blog
Rendering blog/show
Rendered blog/_post (0.00699)
  [4;36;1mComment Load (0.001250)[0m   [0;1mSELECT * FROM comments WHERE (comments.post_id = 1) [0m
  [4;35;1mComment Columns (0.003485)[0m   [0mSHOW FIELDS FROM comments[0m
Completed in 0.07209 (13 reqs/sec) | Rendering: 0.03489 (48%) | DB: 0.01175 (16%) | 200 OK [http://0.0.0.0/blog/show/1]
  [4;36;1mSQL (0.000498)[0m   [0;1mSET SQL_AUTO_IS_NULL=0[0m
  [4;35;1mSQL (0.000000)[0m   [0mMysql::Error: Table 'blog_development.schema_info' doesn't exist: SELECT * FROM schema_info[0m
  [4;36;1mSQL (0.001326)[0m   [0;1mSHOW TABLES[0m
  [4;35;1mSQL (0.003677)[0m   [0mSHOW FIELDS FROM comments[0m
  [4;36;1mSQL (0.045815)[0m   [0;1mSHOW KEYS FROM comments[0m
  [4;35;1mSQL (0.003550)[0m   [0mSHOW FIELDS FROM posts[0m
  [4;36;1mSQL (0.003338)[0m   [0;1mSHOW KEYS FROM posts[0m
  [4;35;1mSQL (0.000434)[0m   [0mSET SQL_AUTO_IS_NULL=0[0m
  [4;36;1mSQL (0.068118)[0m   [0;1mDROP DATABASE IF EXISTS `blog_test`[0m
  [4;35;1mSQL (0.002187)[0m   [0mCREATE DATABASE `blog_test`[0m
  [4;36;1mSQL (0.000426)[0m   [0;1mSET SQL_AUTO_IS_NULL=0[0m
  [4;35;1mSQL (0.000000)[0m   [0mMysql::Error: Unknown table 'comments': DROP TABLE comments[0m
  [4;36;1mSQL (0.230950)[0m   [0;1mCREATE TABLE comments (`id` int(11) DEFAULT NULL auto_increment PRIMARY KEY, `body` text DEFAULT NULL, `post_id` int(11) DEFAULT NULL) ENGINE=InnoDB[0m
  [4;35;1mSQL (0.000000)[0m   [0mMysql::Error: Unknown table 'posts': DROP TABLE posts[0m
  [4;36;1mSQL (0.004136)[0m   [0;1mCREATE TABLE posts (`id` int(11) DEFAULT NULL auto_increment PRIMARY KEY, `title` varchar(255) DEFAULT NULL, `created_at` datetime DEFAULT NULL, `body` text DEFAULT NULL) ENGINE=InnoDB[0m
  [4;36;1mSQL (0.000483)[0m   [0;1mSET SQL_AUTO_IS_NULL=0[0m
  [4;35;1mSQL (0.000000)[0m   [0mMysql::Error: Table 'blog_development.schema_info' doesn't exist: SELECT * FROM schema_info[0m
  [4;36;1mSQL (0.001287)[0m   [0;1mSHOW TABLES[0m
  [4;35;1mSQL (0.003983)[0m   [0mSHOW FIELDS FROM comments[0m
  [4;36;1mSQL (0.045766)[0m   [0;1mSHOW KEYS FROM comments[0m
  [4;35;1mSQL (0.003469)[0m   [0mSHOW FIELDS FROM posts[0m
  [4;36;1mSQL (0.003305)[0m   [0;1mSHOW KEYS FROM posts[0m
  [4;35;1mSQL (0.000433)[0m   [0mSET SQL_AUTO_IS_NULL=0[0m
  [4;36;1mSQL (0.062283)[0m   [0;1mDROP DATABASE IF EXISTS `blog_test`[0m
  [4;35;1mSQL (0.001828)[0m   [0mCREATE DATABASE `blog_test`[0m
  [4;36;1mSQL (0.000732)[0m   [0;1mSET SQL_AUTO_IS_NULL=0[0m
  [4;35;1mSQL (0.000000)[0m   [0mMysql::Error: Unknown table 'comments': DROP TABLE comments[0m
  [4;36;1mSQL (0.004394)[0m   [0;1mCREATE TABLE comments (`id` int(11) DEFAULT NULL auto_increment PRIMARY KEY, `body` text DEFAULT NULL, `post_id` int(11) DEFAULT NULL) ENGINE=InnoDB[0m
  [4;35;1mSQL (0.000000)[0m   [0mMysql::Error: Unknown table 'posts': DROP TABLE posts[0m
  [4;36;1mSQL (0.003915)[0m   [0;1mCREATE TABLE posts (`id` int(11) DEFAULT NULL auto_increment PRIMARY KEY, `title` varchar(255) DEFAULT NULL, `created_at` datetime DEFAULT NULL, `body` text DEFAULT NULL) ENGINE=InnoDB[0m
  [4;36;1mSQL (0.000498)[0m   [0;1mSET SQL_AUTO_IS_NULL=0[0m
  [4;35;1mSQL (0.000000)[0m   [0mMysql::Error: Table 'blog_development.schema_info' doesn't exist: SELECT * FROM schema_info[0m
  [4;36;1mSQL (0.001338)[0m   [0;1mSHOW TABLES[0m
  [4;35;1mSQL (0.003960)[0m   [0mSHOW FIELDS FROM comments[0m
  [4;36;1mSQL (0.045005)[0m   [0;1mSHOW KEYS FROM comments[0m
  [4;35;1mSQL (0.003842)[0m   [0mSHOW FIELDS FROM posts[0m
  [4;36;1mSQL (0.003813)[0m   [0;1mSHOW KEYS FROM posts[0m
  [4;35;1mSQL (0.000463)[0m   [0mSET SQL_AUTO_IS_NULL=0[0m
  [4;36;1mSQL (0.010391)[0m   [0;1mDROP DATABASE IF EXISTS `blog_test`[0m
  [4;35;1mSQL (0.001784)[0m   [0mCREATE DATABASE `blog_test`[0m
  [4;36;1mSQL (0.000433)[0m   [0;1mSET SQL_AUTO_IS_NULL=0[0m
  [4;35;1mSQL (0.000000)[0m   [0mMysql::Error: Unknown table 'comments': DROP TABLE comments[0m
  [4;36;1mSQL (0.004351)[0m   [0;1mCREATE TABLE comments (`id` int(11) DEFAULT NULL auto_increment PRIMARY KEY, `body` text DEFAULT NULL, `post_id` int(11) DEFAULT NULL) ENGINE=InnoDB[0m
  [4;35;1mSQL (0.000000)[0m   [0mMysql::Error: Unknown table 'posts': DROP TABLE posts[0m
  [4;36;1mSQL (0.003839)[0m   [0;1mCREATE TABLE posts (`id` int(11) DEFAULT NULL auto_increment PRIMARY KEY, `title` varchar(255) DEFAULT NULL, `created_at` datetime DEFAULT NULL, `body` text DEFAULT NULL) ENGINE=InnoDB[0m
  [4;36;1mSQL (0.000664)[0m   [0;1mSET SQL_AUTO_IS_NULL=0[0m
  [4;35;1mPost Load (0.001251)[0m   [0mSELECT * FROM posts LIMIT 1[0m
  [4;36;1mPost Columns (0.027365)[0m   [0;1mSHOW FIELDS FROM posts[0m
  [4;35;1mSQL (0.000526)[0m   [0mBEGIN[0m
  [4;36;1mPost Update (0.001296)[0m   [0;1mUPDATE posts SET `created_at` = '2007-05-27 00:00:00', `title` = 'hello world', `body` = 'hi *this* is _textile_' WHERE `id` = 1[0m
  [4;35;1mSQL (0.000781)[0m   [0mCOMMIT[0m
  [4;36;1mComment Columns (0.006225)[0m   [0;1mSHOW FIELDS FROM comments[0m
  [4;35;1mSQL (0.211250)[0m   [0mBEGIN[0m
  [4;36;1mSQL (0.000985)[0m   [0;1mINSERT INTO comments (`body`, `post_id`) VALUES('my test comment from the console', 1)[0m
  [4;35;1mSQL (0.000429)[0m   [0mCOMMIT[0m
  [4;36;1mSQL (0.000533)[0m   [0;1mBEGIN[0m
  [4;35;1mSQL (0.001311)[0m   [0mINSERT INTO comments (`body`, `post_id`) VALUES('my test comment from the console 2', 1)[0m
  [4;36;1mSQL (0.000453)[0m   [0;1mCOMMIT[0m
  [4;35;1mComment Load (0.001545)[0m   [0mSELECT * FROM comments WHERE (comments.post_id = 1) [0m


Processing BlogController#index (for 127.0.0.1 at 2007-05-27 23:58:49) [GET]
  Session ID: d30e79480dbb4b069e1b374dcf224fe6
  Parameters: {"action"=>"index", "controller"=>"blog"}
  [4;36;1mSQL (0.000592)[0m   [0;1mSET SQL_AUTO_IS_NULL=0[0m
  [4;35;1mPost Load (0.001053)[0m   [0mSELECT * FROM posts [0m
Rendering actionlistlayoutfalse within layouts/blog
Rendering blog/list
  [4;36;1mPost Columns (0.003973)[0m   [0;1mSHOW FIELDS FROM posts[0m
Rendered blog/_post (0.02138)
Rendered blog/_post (0.00224)
Completed in 0.36810 (2 reqs/sec) | Rendering: 0.03441 (9%) | DB: 0.00562 (1%) | 200 OK [http://0.0.0.0/blog/]


Processing BlogController#show (for 127.0.0.1 at 2007-05-27 23:58:52) [GET]
  Session ID: d30e79480dbb4b069e1b374dcf224fe6
  Parameters: {"action"=>"show", "id"=>"1", "controller"=>"blog"}
  [4;35;1mPost Columns (0.003604)[0m   [0mSHOW FIELDS FROM posts[0m
  [4;36;1mPost Load (0.044601)[0m   [0;1mSELECT * FROM posts WHERE (posts.`id` = 1) [0m
Rendering  within layouts/blog
Rendering blog/show
Rendered blog/_post (0.00720)
  [4;35;1mComment Load (0.001233)[0m   [0mSELECT * FROM comments WHERE (comments.post_id = 1) [0m
  [4;36;1mComment Columns (0.003541)[0m   [0;1mSHOW FIELDS FROM comments[0m
Completed in 0.12826 (7 reqs/sec) | Rendering: 0.03952 (30%) | DB: 0.05298 (41%) | 200 OK [http://0.0.0.0/blog/show/1]


Processing BlogController#show (for 127.0.0.1 at 2007-05-28 00:00:59) [GET]
  Session ID: d30e79480dbb4b069e1b374dcf224fe6
  Parameters: {"action"=>"show", "id"=>"1", "controller"=>"blog"}
  [4;36;1mSQL (0.000480)[0m   [0;1mSET SQL_AUTO_IS_NULL=0[0m
  [4;35;1mPost Columns (0.003880)[0m   [0mSHOW FIELDS FROM posts[0m
  [4;36;1mPost Load (0.044797)[0m   [0;1mSELECT * FROM posts WHERE (posts.`id` = 1) [0m
Rendering  within layouts/blog
Rendering blog/show


ActionView::TemplateError (undefined method `textilize' for #<#<Class:0x326a590>:0x326a4c8>) on line #3 of app/views/blog/_post.rhtml:
1: <div>
2:     <h2><%= link_to post.title, :action => 'show', :id => post %></h2>
3:     <p><%= textilize(post.body) %></p>
4:     <p><small>
5:     <%= post.created_at.to_s(:long) %>
6:     (<%= link_to 'Edit', :action => 'edit', :id => post %>)

    #{RAILS_ROOT}/app/views/blog/_post.rhtml:3:in `_run_rhtml_47app47views47blog47_post46rhtml'
    /usr/local/lib/ruby/gems/1.8/gems/actionpack-1.13.3/lib/action_view/base.rb:326:in `send'
    /usr/local/lib/ruby/gems/1.8/gems/actionpack-1.13.3/lib/action_view/base.rb:326:in `compile_and_render_template'
    /usr/local/lib/ruby/gems/1.8/gems/actionpack-1.13.3/lib/action_view/base.rb:301:in `render_template'
    /usr/local/lib/ruby/gems/1.8/gems/actionpack-1.13.3/lib/action_view/base.rb:260:in `render_file'
    /usr/local/lib/ruby/gems/1.8/gems/actionpack-1.13.3/lib/action_view/base.rb:275:in `render'
    /usr/local/lib/ruby/gems/1.8/gems/actionpack-1.13.3/lib/action_view/partials.rb:59:in `render_partial'
    /usr/local/lib/ruby/gems/1.8/gems/actionpack-1.13.3/lib/action_controller/benchmarking.rb:26:in `benchmark'
    /usr/local/lib/ruby/1.8/benchmark.rb:293:in `measure'
    /usr/local/lib/ruby/1.8/benchmark.rb:307:in `realtime'
    /usr/local/lib/ruby/gems/1.8/gems/actionpack-1.13.3/lib/action_controller/benchmarking.rb:26:in `benchmark'
    /usr/local/lib/ruby/gems/1.8/gems/actionpack-1.13.3/lib/action_view/partials.rb:58:in `render_partial'
    /usr/local/lib/ruby/gems/1.8/gems/actionpack-1.13.3/lib/action_view/base.rb:287:in `render'
    #{RAILS_ROOT}/app/views/blog/show.rhtml:1:in `_run_rhtml_47app47views47blog47show46rhtml'
    /usr/local/lib/ruby/gems/1.8/gems/actionpack-1.13.3/lib/action_view/base.rb:326:in `send'
    /usr/local/lib/ruby/gems/1.8/gems/actionpack-1.13.3/lib/action_view/base.rb:326:in `compile_and_render_template'
    /usr/local/lib/ruby/gems/1.8/gems/actionpack-1.13.3/lib/action_view/base.rb:301:in `render_template'
    /usr/local/lib/ruby/gems/1.8/gems/actionpack-1.13.3/lib/action_view/base.rb:260:in `render_file'
    /usr/local/lib/ruby/gems/1.8/gems/actionpack-1.13.3/lib/action_controller/base.rb:806:in `render_file'
    /usr/local/lib/ruby/gems/1.8/gems/actionpack-1.13.3/lib/action_controller/base.rb:711:in `render_with_no_layout'
    /usr/local/lib/ruby/gems/1.8/gems/actionpack-1.13.3/lib/action_controller/layout.rb:247:in `render_without_benchmark'
    /usr/local/lib/ruby/gems/1.8/gems/actionpack-1.13.3/lib/action_controller/benchmarking.rb:50:in `render'
    /usr/local/lib/ruby/1.8/benchmark.rb:293:in `measure'
    /usr/local/lib/ruby/gems/1.8/gems/actionpack-1.13.3/lib/action_controller/benchmarking.rb:50:in `render'
    /usr/local/lib/ruby/gems/1.8/gems/actionpack-1.13.3/lib/action_controller/base.rb:1096:in `perform_action_without_filters'
    /usr/local/lib/ruby/gems/1.8/gems/actionpack-1.13.3/lib/action_controller/filters.rb:632:in `call_filter'
    /usr/local/lib/ruby/gems/1.8/gems/actionpack-1.13.3/lib/action_controller/filters.rb:634:in `call_filter'
    /usr/local/lib/ruby/gems/1.8/gems/actionpack-1.13.3/lib/action_controller/filters.rb:619:in `perform_action_without_benchmark'
    /usr/local/lib/ruby/gems/1.8/gems/actionpack-1.13.3/lib/action_controller/benchmarking.rb:66:in `perform_action_without_rescue'
    /usr/local/lib/ruby/1.8/benchmark.rb:293:in `measure'
    /usr/local/lib/ruby/gems/1.8/gems/actionpack-1.13.3/lib/action_controller/benchmarking.rb:66:in `perform_action_without_rescue'
    /usr/local/lib/ruby/gems/1.8/gems/actionpack-1.13.3/lib/action_controller/rescue.rb:83:in `perform_action'
    /usr/local/lib/ruby/gems/1.8/gems/actionpack-1.13.3/lib/action_controller/base.rb:430:in `send'
    /usr/local/lib/ruby/gems/1.8/gems/actionpack-1.13.3/lib/action_controller/base.rb:430:in `process_without_filters'
    /usr/local/lib/ruby/gems/1.8/gems/actionpack-1.13.3/lib/action_controller/filters.rb:624:in `process_without_session_management_support'
    /usr/local/lib/ruby/gems/1.8/gems/actionpack-1.13.3/lib/action_controller/session_management.rb:114:in `process'
    /usr/local/lib/ruby/gems/1.8/gems/actionpack-1.13.3/lib/action_controller/base.rb:330:in `process'
    /usr/local/lib/ruby/gems/1.8/gems/rails-1.2.3/lib/dispatcher.rb:41:in `dispatch'
    /usr/local/lib/ruby/gems/1.8/gems/rails-1.2.3/lib/webrick_server.rb:113:in `handle_dispatch'
    /usr/local/lib/ruby/gems/1.8/gems/rails-1.2.3/lib/webrick_server.rb:79:in `service'
    /usr/local/lib/ruby/1.8/webrick/httpserver.rb:104:in `service'
    /usr/local/lib/ruby/1.8/webrick/httpserver.rb:65:in `run'
    /usr/local/lib/ruby/1.8/webrick/server.rb:173:in `start_thread'
    /usr/local/lib/ruby/1.8/webrick/server.rb:162:in `start'
    /usr/local/lib/ruby/1.8/webrick/server.rb:162:in `start_thread'
    /usr/local/lib/ruby/1.8/webrick/server.rb:95:in `start'
    /usr/local/lib/ruby/1.8/webrick/server.rb:92:in `each'
    /usr/local/lib/ruby/1.8/webrick/server.rb:92:in `start'
    /usr/local/lib/ruby/1.8/webrick/server.rb:23:in `start'
    /usr/local/lib/ruby/1.8/webrick/server.rb:82:in `start'
    /usr/local/lib/ruby/gems/1.8/gems/rails-1.2.3/lib/webrick_server.rb:63:in `dispatch'
    /usr/local/lib/ruby/gems/1.8/gems/rails-1.2.3/lib/commands/servers/webrick.rb:59
    /usr/local/lib/ruby/site_ruby/1.8/rubygems/custom_require.rb:27:in `gem_original_require'
    /usr/local/lib/ruby/site_ruby/1.8/rubygems/custom_require.rb:27:in `require'
    /usr/local/lib/ruby/gems/1.8/gems/activesupport-1.4.2/lib/active_support/dependencies.rb:495:in `require'
    /usr/local/lib/ruby/gems/1.8/gems/activesupport-1.4.2/lib/active_support/dependencies.rb:342:in `new_constants_in'
    /usr/local/lib/ruby/gems/1.8/gems/activesupport-1.4.2/lib/active_support/dependencies.rb:495:in `require'
    /usr/local/lib/ruby/gems/1.8/gems/rails-1.2.3/lib/commands/server.rb:39
    /usr/local/lib/ruby/site_ruby/1.8/rubygems/custom_require.rb:27:in `gem_original_require'
    /usr/local/lib/ruby/site_ruby/1.8/rubygems/custom_require.rb:27:in `require'
    script/server:3


Rendering /usr/local/lib/ruby/gems/1.8/gems/actionpack-1.13.3/lib/action_controller/templates/rescues/layout.rhtml (500 Internal Error)


Processing BlogController#index (for 127.0.0.1 at 2007-05-28 16:21:12) [GET]
  Session ID: d34aabdc28e6e1726214062776978f08
  Parameters: {"action"=>"index", "controller"=>"blog"}
  [4;36;1mSQL (0.091463)[0m   [0;1mSET SQL_AUTO_IS_NULL=0[0m
  [4;35;1mPost Load (0.059372)[0m   [0mSELECT * FROM posts [0m
Rendering actionlistlayoutfalse within layouts/blog
Rendering blog/list
  [4;36;1mPost Columns (0.005499)[0m   [0;1mSHOW FIELDS FROM posts[0m


ActionView::TemplateError (undefined method `textilize' for #<#<Class:0x31cb8f0>:0x31cb828>) on line #3 of app/views/blog/_post.rhtml:
1: <div>
2:     <h2><%= link_to post.title, :action => 'show', :id => post %></h2>
3:     <p><%= textilize(post.body) %></p>
4:     <p><small>
5:     <%= post.created_at.to_s(:long) %>
6:     (<%= link_to 'Edit', :action => 'edit', :id => post %>)

    #{RAILS_ROOT}/app/views/blog/_post.rhtml:3:in `_run_rhtml_47app47views47blog47_post46rhtml'
    /usr/local/lib/ruby/gems/1.8/gems/actionpack-1.13.3/lib/action_view/base.rb:326:in `send'
    /usr/local/lib/ruby/gems/1.8/gems/actionpack-1.13.3/lib/action_view/base.rb:326:in `compile_and_render_template'
    /usr/local/lib/ruby/gems/1.8/gems/actionpack-1.13.3/lib/action_view/base.rb:301:in `render_template'
    /usr/local/lib/ruby/gems/1.8/gems/actionpack-1.13.3/lib/action_view/base.rb:260:in `render_file'
    /usr/local/lib/ruby/gems/1.8/gems/actionpack-1.13.3/lib/action_view/base.rb:275:in `render'
    /usr/local/lib/ruby/gems/1.8/gems/actionpack-1.13.3/lib/action_view/partials.rb:59:in `render_partial'
    /usr/local/lib/ruby/gems/1.8/gems/actionpack-1.13.3/lib/action_controller/benchmarking.rb:26:in `benchmark'
    /usr/local/lib/ruby/1.8/benchmark.rb:293:in `measure'
    /usr/local/lib/ruby/1.8/benchmark.rb:307:in `realtime'
    /usr/local/lib/ruby/gems/1.8/gems/actionpack-1.13.3/lib/action_controller/benchmarking.rb:26:in `benchmark'
    /usr/local/lib/ruby/gems/1.8/gems/actionpack-1.13.3/lib/action_view/partials.rb:58:in `render_partial'
    /usr/local/lib/ruby/gems/1.8/gems/actionpack-1.13.3/lib/action_view/partials.rb:73:in `render_partial_collection'
    /usr/local/lib/ruby/gems/1.8/gems/actionpack-1.13.3/lib/action_view/base.rb:518:in `each_with_index'
    /usr/local/lib/ruby/gems/1.8/gems/actionpack-1.13.3/lib/action_view/partials.rb:71:in `each'
    /usr/local/lib/ruby/gems/1.8/gems/actionpack-1.13.3/lib/action_view/partials.rb:71:in `each_with_index'
    /usr/local/lib/ruby/gems/1.8/gems/actionpack-1.13.3/lib/action_view/partials.rb:71:in `render_partial_collection'
    /usr/local/lib/ruby/gems/1.8/gems/actionpack-1.13.3/lib/action_view/base.rb:285:in `render'
    #{RAILS_ROOT}/app/views/blog/list.rhtml:3:in `_run_rhtml_47app47views47blog47list46rhtml'
    /usr/local/lib/ruby/gems/1.8/gems/actionpack-1.13.3/lib/action_view/base.rb:326:in `send'
    /usr/local/lib/ruby/gems/1.8/gems/actionpack-1.13.3/lib/action_view/base.rb:326:in `compile_and_render_template'
    /usr/local/lib/ruby/gems/1.8/gems/actionpack-1.13.3/lib/action_view/base.rb:301:in `render_template'
    /usr/local/lib/ruby/gems/1.8/gems/actionpack-1.13.3/lib/action_view/base.rb:260:in `render_file'
    /usr/local/lib/ruby/gems/1.8/gems/actionpack-1.13.3/lib/action_controller/base.rb:806:in `render_file'
    /usr/local/lib/ruby/gems/1.8/gems/actionpack-1.13.3/lib/action_controller/base.rb:738:in `render_with_no_layout'
    /usr/local/lib/ruby/gems/1.8/gems/actionpack-1.13.3/lib/action_controller/base.rb:863:in `render_without_layout'
    /usr/local/lib/ruby/gems/1.8/gems/actionpack-1.13.3/lib/action_controller/base.rb:798:in `render_action'
    /usr/local/lib/ruby/gems/1.8/gems/actionpack-1.13.3/lib/action_controller/base.rb:748:in `render_with_no_layout'
    /usr/local/lib/ruby/gems/1.8/gems/activesupport-1.4.2/lib/active_support/deprecation.rb:44:in `silence'
    /usr/local/lib/ruby/gems/1.8/gems/actionpack-1.13.3/lib/action_controller/base.rb:747:in `render_with_no_layout'
    /usr/local/lib/ruby/gems/1.8/gems/actionpack-1.13.3/lib/action_controller/layout.rb:244:in `render_without_benchmark'
    /usr/local/lib/ruby/gems/1.8/gems/actionpack-1.13.3/lib/action_controller/benchmarking.rb:50:in `render'
    /usr/local/lib/ruby/1.8/benchmark.rb:293:in `measure'
    /usr/local/lib/ruby/gems/1.8/gems/actionpack-1.13.3/lib/action_controller/benchmarking.rb:50:in `render'
    app/controllers/blog_controller.rb:4:in `index'
    /usr/local/lib/ruby/gems/1.8/gems/actionpack-1.13.3/lib/action_controller/base.rb:1095:in `send'
    /usr/local/lib/ruby/gems/1.8/gems/actionpack-1.13.3/lib/action_controller/base.rb:1095:in `perform_action_without_filters'
    /usr/local/lib/ruby/gems/1.8/gems/actionpack-1.13.3/lib/action_controller/filters.rb:632:in `call_filter'
    /usr/local/lib/ruby/gems/1.8/gems/actionpack-1.13.3/lib/action_controller/filters.rb:634:in `call_filter'
    /usr/local/lib/ruby/gems/1.8/gems/actionpack-1.13.3/lib/action_controller/filters.rb:619:in `perform_action_without_benchmark'
    /usr/local/lib/ruby/gems/1.8/gems/actionpack-1.13.3/lib/action_controller/benchmarking.rb:66:in `perform_action_without_rescue'
    /usr/local/lib/ruby/1.8/benchmark.rb:293:in `measure'
    /usr/local/lib/ruby/gems/1.8/gems/actionpack-1.13.3/lib/action_controller/benchmarking.rb:66:in `perform_action_without_rescue'
    /usr/local/lib/ruby/gems/1.8/gems/actionpack-1.13.3/lib/action_controller/rescue.rb:83:in `perform_action'
    /usr/local/lib/ruby/gems/1.8/gems/actionpack-1.13.3/lib/action_controller/base.rb:430:in `send'
    /usr/local/lib/ruby/gems/1.8/gems/actionpack-1.13.3/lib/action_controller/base.rb:430:in `process_without_filters'
    /usr/local/lib/ruby/gems/1.8/gems/actionpack-1.13.3/lib/action_controller/filters.rb:624:in `process_without_session_management_support'
    /usr/local/lib/ruby/gems/1.8/gems/actionpack-1.13.3/lib/action_controller/session_management.rb:114:in `process'
    /usr/local/lib/ruby/gems/1.8/gems/actionpack-1.13.3/lib/action_controller/base.rb:330:in `process'
    /usr/local/lib/ruby/gems/1.8/gems/rails-1.2.3/lib/dispatcher.rb:41:in `dispatch'
    /usr/local/lib/ruby/gems/1.8/gems/mongrel-1.0.1/lib/mongrel/rails.rb:78:in `process'
    /usr/local/lib/ruby/gems/1.8/gems/mongrel-1.0.1/lib/mongrel/rails.rb:76:in `synchronize'
    /usr/local/lib/ruby/gems/1.8/gems/mongrel-1.0.1/lib/mongrel/rails.rb:76:in `process'
    /usr/local/lib/ruby/gems/1.8/gems/mongrel-1.0.1/lib/mongrel.rb:618:in `process_client'
    /usr/local/lib/ruby/gems/1.8/gems/mongrel-1.0.1/lib/mongrel.rb:617:in `each'
    /usr/local/lib/ruby/gems/1.8/gems/mongrel-1.0.1/lib/mongrel.rb:617:in `process_client'
    /usr/local/lib/ruby/gems/1.8/gems/mongrel-1.0.1/lib/mongrel.rb:736:in `run'
    /usr/local/lib/ruby/gems/1.8/gems/mongrel-1.0.1/lib/mongrel.rb:736:in `initialize'
    /usr/local/lib/ruby/gems/1.8/gems/mongrel-1.0.1/lib/mongrel.rb:736:in `new'
    /usr/local/lib/ruby/gems/1.8/gems/mongrel-1.0.1/lib/mongrel.rb:736:in `run'
    /usr/local/lib/ruby/gems/1.8/gems/mongrel-1.0.1/lib/mongrel.rb:720:in `initialize'
    /usr/local/lib/ruby/gems/1.8/gems/mongrel-1.0.1/lib/mongrel.rb:720:in `new'
    /usr/local/lib/ruby/gems/1.8/gems/mongrel-1.0.1/lib/mongrel.rb:720:in `run'
    /usr/local/lib/ruby/gems/1.8/gems/mongrel-1.0.1/lib/mongrel/configurator.rb:271:in `run'
    /usr/local/lib/ruby/gems/1.8/gems/mongrel-1.0.1/lib/mongrel/configurator.rb:270:in `each'
    /usr/local/lib/ruby/gems/1.8/gems/mongrel-1.0.1/lib/mongrel/configurator.rb:270:in `run'
    /usr/local/lib/ruby/gems/1.8/gems/mongrel-1.0.1/bin/mongrel_rails:127:in `run'
    /usr/local/lib/ruby/gems/1.8/gems/mongrel-1.0.1/lib/mongrel/command.rb:211:in `run'
    /usr/local/lib/ruby/gems/1.8/gems/mongrel-1.0.1/bin/mongrel_rails:243
    /usr/local/lib/ruby/gems/1.8/gems/activesupport-1.4.2/lib/active_support/dependencies.rb:488:in `load'
    /usr/local/lib/ruby/gems/1.8/gems/activesupport-1.4.2/lib/active_support/dependencies.rb:488:in `load'
    /usr/local/lib/ruby/gems/1.8/gems/activesupport-1.4.2/lib/active_support/dependencies.rb:342:in `new_constants_in'
    /usr/local/lib/ruby/gems/1.8/gems/activesupport-1.4.2/lib/active_support/dependencies.rb:488:in `load'
    /usr/local/lib/ruby/gems/1.8/gems/rails-1.2.3/lib/commands/servers/mongrel.rb:60
    /usr/local/lib/ruby/site_ruby/1.8/rubygems/custom_require.rb:27:in `gem_original_require'
    /usr/local/lib/ruby/site_ruby/1.8/rubygems/custom_require.rb:27:in `require'
    /usr/local/lib/ruby/gems/1.8/gems/activesupport-1.4.2/lib/active_support/dependencies.rb:495:in `require'
    /usr/local/lib/ruby/gems/1.8/gems/activesupport-1.4.2/lib/active_support/dependencies.rb:342:in `new_constants_in'
    /usr/local/lib/ruby/gems/1.8/gems/activesupport-1.4.2/lib/active_support/dependencies.rb:495:in `require'
    /usr/local/lib/ruby/gems/1.8/gems/rails-1.2.3/lib/commands/server.rb:39
    /usr/local/lib/ruby/site_ruby/1.8/rubygems/custom_require.rb:27:in `gem_original_require'
    /usr/local/lib/ruby/site_ruby/1.8/rubygems/custom_require.rb:27:in `require'
    script/server:3


Rendering /usr/local/lib/ruby/gems/1.8/gems/actionpack-1.13.3/lib/action_controller/templates/rescues/layout.rhtml (500 Internal Error)


Processing BlogController#list (for 127.0.0.1 at 2007-05-28 16:21:40) [GET]
  Session ID: d34aabdc28e6e1726214062776978f08
  Parameters: {"action"=>"list", "controller"=>"blog"}
  [4;35;1mPost Load (0.001153)[0m   [0mSELECT * FROM posts [0m
Rendering  within layouts/blog
Rendering blog/list
  [4;36;1mPost Columns (0.007194)[0m   [0;1mSHOW FIELDS FROM posts[0m
Rendered blog/_post (0.01803)
Rendered blog/_post (0.00273)
Completed in 0.09472 (10 reqs/sec) | Rendering: 0.05438 (57%) | DB: 0.01385 (14%) | 200 OK [http://0.0.0.0/blog/list]


Processing BlogController#index (for 127.0.0.1 at 2007-05-28 16:24:39) [GET]
  Session ID: d34aabdc28e6e1726214062776978f08
  Parameters: {"action"=>"index", "controller"=>"blog"}
  [4;36;1mSQL (0.000489)[0m   [0;1mSET SQL_AUTO_IS_NULL=0[0m
  [4;35;1mPost Load (0.000999)[0m   [0mSELECT * FROM posts [0m
Rendering actionlistlayoutfalse within layouts/blog
Rendering blog/list
  [4;36;1mPost Columns (0.005699)[0m   [0;1mSHOW FIELDS FROM posts[0m
Rendered blog/_post (0.01950)
Rendered blog/_post (0.00239)
Completed in 0.32373 (3 reqs/sec) | Rendering: 0.03059 (9%) | DB: 0.00719 (2%) | 200 OK [http://0.0.0.0/blog]


Processing BlogController#list (for 127.0.0.1 at 2007-05-29 21:14:59) [GET]
  Session ID: 6386d1e16d895fcc74f6fec8c0f5ef24
  Parameters: {"action"=>"list", "controller"=>"blog"}
  [4;36;1mSQL (0.091251)[0m   [0;1mSET SQL_AUTO_IS_NULL=0[0m
  [4;35;1mPost Load (0.057591)[0m   [0mSELECT * FROM posts [0m
Rendering  within layouts/blog
Rendering blog/list
  [4;36;1mPost Columns (0.006764)[0m   [0;1mSHOW FIELDS FROM posts[0m
Rendered blog/_post (0.03023)
Rendered blog/_post (0.00704)
Completed in 0.85275 (1 reqs/sec) | Rendering: 0.09286 (10%) | DB: 0.15561 (18%) | 200 OK [http://0.0.0.0/blog/list]


Processing BlogController#show (for 127.0.0.1 at 2007-05-29 21:15:05) [GET]
  Session ID: 6386d1e16d895fcc74f6fec8c0f5ef24
  Parameters: {"action"=>"show", "id"=>"1", "controller"=>"blog"}
  [4;35;1mPost Columns (0.006939)[0m   [0mSHOW FIELDS FROM posts[0m
  [4;36;1mPost Load (0.070060)[0m   [0;1mSELECT * FROM posts WHERE (posts.`id` = 1) [0m
Rendering  within layouts/blog
Rendering blog/show
Rendered blog/_post (0.00942)
  [4;35;1mComment Load (0.004681)[0m   [0mSELECT * FROM comments WHERE (comments.post_id = 1) [0m
  [4;36;1mComment Columns (0.003611)[0m   [0;1mSHOW FIELDS FROM comments[0m
Completed in 0.17324 (5 reqs/sec) | Rendering: 0.05416 (31%) | DB: 0.08529 (49%) | 200 OK [http://0.0.0.0/blog/show/1]
