  [4;36;1mSQL (0.4ms)[0m   [0;1m SELECT name
 FROM sqlite_master
 WHERE type = 'table' AND NOT name = 'sqlite_sequence'
[0m
  [4;35;1mSQL (0.2ms)[0m   [0mselect sqlite_version(*)[0m
  [4;36;1mSQL (7.6ms)[0m   [0;1mCREATE TABLE "schema_migrations" ("version" varchar(255) NOT NULL) [0m
  [4;35;1mSQL (3.1ms)[0m   [0mCREATE UNIQUE INDEX "unique_schema_migrations" ON "schema_migrations" ("version")[0m
  [4;36;1mSQL (0.2ms)[0m   [0;1m SELECT name
 FROM sqlite_master
 WHERE type = 'table' AND NOT name = 'sqlite_sequence'
[0m
  [4;35;1mSQL (0.1ms)[0m   [0mSELECT version FROM schema_migrations[0m
Migrating to CreateCategories (20090325175442)
  [4;36;1mSQL (0.9ms)[0m   [0;1mCREATE TABLE "categories" ("id" INTEGER PRIMARY KEY AUTOINCREMENT NOT NULL, "title" varchar(255), "created_at" datetime, "updated_at" datetime) [0m
  [4;35;1mSQL (0.5ms)[0m   [0mINSERT INTO schema_migrations (version) VALUES ('20090325175442')[0m
Migrating to CreateRecipes (20090325175508)
  [4;36;1mSQL (0.8ms)[0m   [0;1mCREATE TABLE "recipes" ("id" INTEGER PRIMARY KEY AUTOINCREMENT NOT NULL, "title" varchar(255), "category_id" integer, "created_at" datetime, "updated_at" datetime) [0m
  [4;35;1mSQL (0.6ms)[0m   [0mINSERT INTO schema_migrations (version) VALUES ('20090325175508')[0m
  [4;36;1mSQL (0.4ms)[0m   [0;1m SELECT name
 FROM sqlite_master
 WHERE type = 'table' AND NOT name = 'sqlite_sequence'
[0m
  [4;35;1mSQL (0.2ms)[0m   [0mSELECT version FROM schema_migrations[0m
  [4;36;1mSQL (0.2ms)[0m   [0;1m SELECT name
 FROM sqlite_master
 WHERE type = 'table' AND NOT name = 'sqlite_sequence'
[0m
  [4;35;1mSQL (0.1ms)[0m   [0mPRAGMA index_list("categories")[0m
  [4;36;1mSQL (0.1ms)[0m   [0;1mPRAGMA index_list("recipes")[0m


Processing CategoriesController#index (for 127.0.0.1 at 2009-03-25 18:01:47) [GET]
  [4;36;1mCategory Load (0.6ms)[0m   [0;1mSELECT * FROM "categories" [0m
Rendering template within layouts/categories
Rendering categories/index
Completed in 33ms (View: 16, DB: 1) | 200 OK [http://0.0.0.0/]


Processing CategoriesController#new (for 127.0.0.1 at 2009-03-25 18:01:49) [GET]
Rendering template within layouts/categories
Rendering categories/new
Completed in 22ms (View: 12, DB: 0) | 200 OK [http://0.0.0.0/categories/new]


Processing CategoriesController#create (for 127.0.0.1 at 2009-03-25 18:01:54) [POST]
  Parameters: {"category"=>{"title"=>"pasta"}, "commit"=>"Create", "authenticity_token"=>"mWKUuqK2bz1AJnaaugmaf+KoONs5uu/MA3poNGoXeqs="}
  [4;35;1mCategory Create (1.0ms)[0m   [0mINSERT INTO "categories" ("created_at", "title", "updated_at") VALUES('2009-03-25 18:01:54', 'pasta', '2009-03-25 18:01:54')[0m
Redirected to http://0.0.0.0:3000/categories/1
Completed in 120ms (DB: 1) | 302 Found [http://0.0.0.0/categories]


Processing CategoriesController#show (for 127.0.0.1 at 2009-03-25 18:01:54) [GET]
  Parameters: {"id"=>"1"}
  [4;36;1mCategory Load (0.3ms)[0m   [0;1mSELECT * FROM "categories" WHERE ("categories"."id" = 1) [0m
Rendering template within layouts/categories
Rendering categories/show
Completed in 16ms (View: 7, DB: 0) | 200 OK [http://0.0.0.0/categories/1]


Processing CategoriesController#index (for 127.0.0.1 at 2009-03-25 18:01:56) [GET]
  [4;35;1mCategory Load (0.9ms)[0m   [0mSELECT * FROM "categories" [0m
Rendering template within layouts/categories
Rendering categories/index
Completed in 16ms (View: 7, DB: 1) | 200 OK [http://0.0.0.0/categories]


Processing CategoriesController#new (for 127.0.0.1 at 2009-03-25 18:01:58) [GET]
Rendering template within layouts/categories
Rendering categories/new
Completed in 18ms (View: 9, DB: 0) | 200 OK [http://0.0.0.0/categories/new]


Processing CategoriesController#create (for 127.0.0.1 at 2009-03-25 18:02:06) [POST]
  Parameters: {"category"=>{"title"=>"rice"}, "commit"=>"Create", "authenticity_token"=>"mWKUuqK2bz1AJnaaugmaf+KoONs5uu/MA3poNGoXeqs="}
  [4;36;1mCategory Create (1.5ms)[0m   [0;1mINSERT INTO "categories" ("created_at", "title", "updated_at") VALUES('2009-03-25 18:02:06', 'rice', '2009-03-25 18:02:06')[0m
Redirected to http://0.0.0.0:3000/categories/2
Completed in 24ms (DB: 1) | 302 Found [http://0.0.0.0/categories]


Processing CategoriesController#show (for 127.0.0.1 at 2009-03-25 18:02:06) [GET]
  Parameters: {"id"=>"2"}
  [4;35;1mCategory Load (0.5ms)[0m   [0mSELECT * FROM "categories" WHERE ("categories"."id" = 2) [0m
Rendering template within layouts/categories
Rendering categories/show
Completed in 16ms (View: 4, DB: 0) | 200 OK [http://0.0.0.0/categories/2]


Processing CategoriesController#index (for 127.0.0.1 at 2009-03-25 18:02:08) [GET]
  [4;36;1mCategory Load (1.0ms)[0m   [0;1mSELECT * FROM "categories" [0m
Rendering template within layouts/categories
Rendering categories/index
Completed in 18ms (View: 8, DB: 1) | 200 OK [http://0.0.0.0/categories]


Processing CategoriesController#index (for 127.0.0.1 at 2009-03-25 18:02:39) [GET]
  [4;35;1mCategory Load (1.0ms)[0m   [0mSELECT * FROM "categories" [0m
Rendering template within layouts/categories
Rendering categories/index
Completed in 23ms (View: 13, DB: 1) | 200 OK [http://0.0.0.0/categories]


Processing CategoriesController#index (for 127.0.0.1 at 2009-03-25 18:02:47) [GET]
  [4;36;1mCategory Load (1.0ms)[0m   [0;1mSELECT * FROM "categories" [0m
Rendering template within layouts/categories
Rendering categories/index
Completed in 24ms (View: 13, DB: 1) | 200 OK [http://0.0.0.0/categories]


Processing RecipesController#new (for 127.0.0.1 at 2009-03-25 18:02:49) [GET]
Rendering template within layouts/recipes
Rendering recipes/new
Completed in 33ms (View: 21, DB: 0) | 200 OK [http://0.0.0.0/recipes/new]


Processing RecipesController#new (for 127.0.0.1 at 2009-03-25 18:04:14) [GET]
Rendering template within layouts/recipes
Rendering recipes/new
ERROR: compiling _run_erb_app47views47recipes47new46html46erb RAISED compile error
/home/indiehead/code/exp-cookbook/app/views/recipes/new.html.erb:11: syntax error, unexpected '}', expecting tCOLON2 or '[' or '.'
...{ |item| item.id, item.title })  ).to_s); @output_buffer.con...
                              ^
/home/indiehead/code/exp-cookbook/app/views/recipes/new.html.erb:17: syntax error, unexpected kEND, expecting '}'
;  end ; @output_buffer.concat "\n\n"
      ^
/home/indiehead/code/exp-cookbook/app/views/recipes/new.html.erb:21: syntax error, unexpected kENSURE, expecting '}'
/home/indiehead/code/exp-cookbook/app/views/recipes/new.html.erb:23: syntax error, unexpected kEND, expecting '}'
Function body:           def _run_erb_app47views47recipes47new46html46erb(local_assigns)
            old_output_buffer = output_buffer;;@output_buffer = '';  __in_erb_template=true ; @output_buffer.concat "<h1>New recipe</h1>\n\n"

;  form_for(@recipe) do |f| ; @output_buffer.concat "\n  "
; @output_buffer.concat(( f.error_messages ).to_s); @output_buffer.concat "\n\n  <p>\n    "


; @output_buffer.concat(( f.label :title ).to_s); @output_buffer.concat "<br />\n    "
; @output_buffer.concat(( f.text_field :title ).to_s); @output_buffer.concat "\n  </p>\n  <p>\n    "


; @output_buffer.concat(( select(:category_id, '', Category.find(:all).collect { |item| item.id, item.title })  ).to_s); @output_buffer.concat "<br />\n    "
; @output_buffer.concat(( f.text_field :category_id ).to_s); @output_buffer.concat "\n  </p>\n  <p>\n    "


; @output_buffer.concat(( f.submit 'Create' ).to_s); @output_buffer.concat "\n  </p>\n"

;  end ; @output_buffer.concat "\n\n"

; @output_buffer.concat(( link_to 'Back', recipes_path ).to_s); @output_buffer.concat "\n"
; @output_buffer
          ensure
            self.output_buffer = old_output_buffer
          end
Backtrace: /home/indiehead/code/exp-cookbook/app/views/recipes/new.html.erb:23:in `compile!'
/usr/local/lib/ruby/gems/1.8/gems/actionpack-2.3.2/lib/action_view/renderable.rb:61:in `compile'
/usr/local/lib/ruby/gems/1.8/gems/actionpack-2.3.2/lib/action_view/renderable.rb:28:in `render'
/usr/local/lib/ruby/gems/1.8/gems/actionpack-2.3.2/lib/action_view/template.rb:194:in `render_template'
/usr/local/lib/ruby/gems/1.8/gems/actionpack-2.3.2/lib/action_view/base.rb:260:in `render'
/usr/local/lib/ruby/gems/1.8/gems/actionpack-2.3.2/lib/action_view/base.rb:343:in `_render_with_layout'
/usr/local/lib/ruby/gems/1.8/gems/actionpack-2.3.2/lib/action_view/base.rb:257:in `render'
/usr/local/lib/ruby/gems/1.8/gems/actionpack-2.3.2/lib/action_controller/base.rb:1241:in `render_for_file'
/usr/local/lib/ruby/gems/1.8/gems/actionpack-2.3.2/lib/action_controller/base.rb:943:in `render_without_benchmark'
/usr/local/lib/ruby/gems/1.8/gems/actionpack-2.3.2/lib/action_controller/benchmarking.rb:51:in `render'
/usr/local/lib/ruby/gems/1.8/gems/activesupport-2.3.2/lib/active_support/core_ext/benchmark.rb:17:in `ms'
/usr/local/lib/ruby/1.8/benchmark.rb:309:in `realtime'
/usr/local/lib/ruby/gems/1.8/gems/activesupport-2.3.2/lib/active_support/core_ext/benchmark.rb:17:in `ms'
/usr/local/lib/ruby/gems/1.8/gems/actionpack-2.3.2/lib/action_controller/benchmarking.rb:51:in `render'
/usr/local/lib/ruby/gems/1.8/gems/actionpack-2.3.2/lib/action_controller/mime_responds.rb:135:in `send'
/usr/local/lib/ruby/gems/1.8/gems/actionpack-2.3.2/lib/action_controller/mime_responds.rb:135:in `custom'
/usr/local/lib/ruby/gems/1.8/gems/actionpack-2.3.2/lib/action_controller/mime_responds.rb:179:in `call'
/usr/local/lib/ruby/gems/1.8/gems/actionpack-2.3.2/lib/action_controller/mime_responds.rb:179:in `respond'
/usr/local/lib/ruby/gems/1.8/gems/actionpack-2.3.2/lib/action_controller/mime_responds.rb:173:in `each'
/usr/local/lib/ruby/gems/1.8/gems/actionpack-2.3.2/lib/action_controller/mime_responds.rb:173:in `respond'
/usr/local/lib/ruby/gems/1.8/gems/actionpack-2.3.2/lib/action_controller/mime_responds.rb:107:in `respond_to'
/home/indiehead/code/exp-cookbook/app/controllers/recipes_controller.rb:29:in `new'
/usr/local/lib/ruby/gems/1.8/gems/actionpack-2.3.2/lib/action_controller/base.rb:1322:in `send'
/usr/local/lib/ruby/gems/1.8/gems/actionpack-2.3.2/lib/action_controller/base.rb:1322:in `perform_action_without_filters'
/usr/local/lib/ruby/gems/1.8/gems/actionpack-2.3.2/lib/action_controller/filters.rb:617:in `call_filters'
/usr/local/lib/ruby/gems/1.8/gems/actionpack-2.3.2/lib/action_controller/filters.rb:610:in `perform_action_without_benchmark'
/usr/local/lib/ruby/gems/1.8/gems/actionpack-2.3.2/lib/action_controller/benchmarking.rb:68:in `perform_action_without_rescue'
/usr/local/lib/ruby/gems/1.8/gems/activesupport-2.3.2/lib/active_support/core_ext/benchmark.rb:17:in `ms'
/usr/local/lib/ruby/1.8/benchmark.rb:309:in `realtime'
/usr/local/lib/ruby/gems/1.8/gems/activesupport-2.3.2/lib/active_support/core_ext/benchmark.rb:17:in `ms'
/usr/local/lib/ruby/gems/1.8/gems/actionpack-2.3.2/lib/action_controller/benchmarking.rb:68:in `perform_action_without_rescue'
/usr/local/lib/ruby/gems/1.8/gems/actionpack-2.3.2/lib/action_controller/rescue.rb:160:in `perform_action_without_flash'
/usr/local/lib/ruby/gems/1.8/gems/actionpack-2.3.2/lib/action_controller/flash.rb:141:in `perform_action'
/usr/local/lib/ruby/gems/1.8/gems/actionpack-2.3.2/lib/action_controller/base.rb:523:in `send'
/usr/local/lib/ruby/gems/1.8/gems/actionpack-2.3.2/lib/action_controller/base.rb:523:in `process_without_filters'
/usr/local/lib/ruby/gems/1.8/gems/actionpack-2.3.2/lib/action_controller/filters.rb:606:in `process'
/usr/local/lib/ruby/gems/1.8/gems/actionpack-2.3.2/lib/action_controller/base.rb:391:in `process'
/usr/local/lib/ruby/gems/1.8/gems/actionpack-2.3.2/lib/action_controller/base.rb:386:in `call'
/usr/local/lib/ruby/gems/1.8/gems/actionpack-2.3.2/lib/action_controller/routing/route_set.rb:433:in `call'
/usr/local/lib/ruby/gems/1.8/gems/actionpack-2.3.2/lib/action_controller/dispatcher.rb:88:in `dispatch'
/usr/local/lib/ruby/gems/1.8/gems/actionpack-2.3.2/lib/action_controller/dispatcher.rb:111:in `_call'
/usr/local/lib/ruby/gems/1.8/gems/actionpack-2.3.2/lib/action_controller/dispatcher.rb:82:in `initialize'
/usr/local/lib/ruby/gems/1.8/gems/activerecord-2.3.2/lib/active_record/query_cache.rb:29:in `call'
/usr/local/lib/ruby/gems/1.8/gems/activerecord-2.3.2/lib/active_record/query_cache.rb:29:in `call'
/usr/local/lib/ruby/gems/1.8/gems/activerecord-2.3.2/lib/active_record/connection_adapters/abstract/query_cache.rb:34:in `cache'
/usr/local/lib/ruby/gems/1.8/gems/activerecord-2.3.2/lib/active_record/query_cache.rb:9:in `cache'
/usr/local/lib/ruby/gems/1.8/gems/activerecord-2.3.2/lib/active_record/query_cache.rb:28:in `call'
/usr/local/lib/ruby/gems/1.8/gems/activerecord-2.3.2/lib/active_record/connection_adapters/abstract/connection_pool.rb:361:in `call'
/usr/local/lib/ruby/gems/1.8/gems/actionpack-2.3.2/lib/action_controller/vendor/rack-1.0/rack/head.rb:9:in `call'
/usr/local/lib/ruby/gems/1.8/gems/actionpack-2.3.2/lib/action_controller/vendor/rack-1.0/rack/methodoverride.rb:24:in `call'
/usr/local/lib/ruby/gems/1.8/gems/actionpack-2.3.2/lib/action_controller/params_parser.rb:15:in `call'
/usr/local/lib/ruby/gems/1.8/gems/actionpack-2.3.2/lib/action_controller/rewindable_input.rb:25:in `call'
/usr/local/lib/ruby/gems/1.8/gems/actionpack-2.3.2/lib/action_controller/session/cookie_store.rb:93:in `call'
/usr/local/lib/ruby/gems/1.8/gems/actionpack-2.3.2/lib/action_controller/reloader.rb:9:in `call'
/usr/local/lib/ruby/gems/1.8/gems/actionpack-2.3.2/lib/action_controller/failsafe.rb:11:in `call'
/usr/local/lib/ruby/gems/1.8/gems/actionpack-2.3.2/lib/action_controller/vendor/rack-1.0/rack/lock.rb:11:in `call'
/usr/local/lib/ruby/gems/1.8/gems/actionpack-2.3.2/lib/action_controller/vendor/rack-1.0/rack/lock.rb:11:in `synchronize'
/usr/local/lib/ruby/gems/1.8/gems/actionpack-2.3.2/lib/action_controller/vendor/rack-1.0/rack/lock.rb:11:in `call'
/usr/local/lib/ruby/gems/1.8/gems/actionpack-2.3.2/lib/action_controller/dispatcher.rb:106:in `call'
/usr/local/lib/ruby/gems/1.8/gems/rails-2.3.2/lib/rails/rack/static.rb:31:in `call'
/usr/local/lib/ruby/gems/1.8/gems/actionpack-2.3.2/lib/action_controller/vendor/rack-1.0/rack/urlmap.rb:46:in `call'
/usr/local/lib/ruby/gems/1.8/gems/actionpack-2.3.2/lib/action_controller/vendor/rack-1.0/rack/urlmap.rb:40:in `each'
/usr/local/lib/ruby/gems/1.8/gems/actionpack-2.3.2/lib/action_controller/vendor/rack-1.0/rack/urlmap.rb:40:in `call'
/usr/local/lib/ruby/gems/1.8/gems/rails-2.3.2/lib/rails/rack/log_tailer.rb:17:in `call'
/usr/local/lib/ruby/gems/1.8/gems/actionpack-2.3.2/lib/action_controller/vendor/rack-1.0/rack/content_length.rb:13:in `call'
/usr/local/lib/ruby/gems/1.8/gems/actionpack-2.3.2/lib/action_controller/vendor/rack-1.0/rack/chunked.rb:15:in `call'
/usr/local/lib/ruby/gems/1.8/gems/actionpack-2.3.2/lib/action_controller/vendor/rack-1.0/rack/handler/mongrel.rb:61:in `process'
/usr/local/lib/ruby/gems/1.8/gems/mongrel-1.1.5/lib/mongrel.rb:159:in `process_client'
/usr/local/lib/ruby/gems/1.8/gems/mongrel-1.1.5/lib/mongrel.rb:158:in `each'
/usr/local/lib/ruby/gems/1.8/gems/mongrel-1.1.5/lib/mongrel.rb:158:in `process_client'
/usr/local/lib/ruby/gems/1.8/gems/mongrel-1.1.5/lib/mongrel.rb:285:in `run'
/usr/local/lib/ruby/gems/1.8/gems/mongrel-1.1.5/lib/mongrel.rb:285

ActionView::TemplateError (compile error
/home/indiehead/code/exp-cookbook/app/views/recipes/new.html.erb:11: syntax error, unexpected '}', expecting tCOLON2 or '[' or '.'
...{ |item| item.id, item.title })  ).to_s); @output_buffer.con...
                              ^
/home/indiehead/code/exp-cookbook/app/views/recipes/new.html.erb:17: syntax error, unexpected kEND, expecting '}'
;  end ; @output_buffer.concat "\n\n"
      ^
/home/indiehead/code/exp-cookbook/app/views/recipes/new.html.erb:21: syntax error, unexpected kENSURE, expecting '}'
/home/indiehead/code/exp-cookbook/app/views/recipes/new.html.erb:23: syntax error, unexpected kEND, expecting '}') on line #11 of app/views/recipes/new.html.erb:
8:     <%= f.text_field :title %>
9:   </p>
10:   <p>
11:     <%= select(:category_id, '', Category.find(:all).collect { |item| item.id, item.title })  %><br />
12:     <%= f.text_field :category_id %>
13:   </p>
14:   <p>

    app/views/recipes/new.html.erb:23:in `compile!'
    app/controllers/recipes_controller.rb:29:in `new'

Rendered rescues/_trace (47.3ms)
Rendered rescues/_request_and_response (2.3ms)
Rendering rescues/layout (internal_server_error)


Processing RecipesController#new (for 127.0.0.1 at 2009-03-25 18:04:15) [GET]
Rendering template within layouts/recipes
Rendering recipes/new
ERROR: compiling _run_erb_app47views47recipes47new46html46erb RAISED compile error
/home/indiehead/code/exp-cookbook/app/views/recipes/new.html.erb:11: syntax error, unexpected '}', expecting tCOLON2 or '[' or '.'
...{ |item| item.id, item.title })  ).to_s); @output_buffer.con...
                              ^
/home/indiehead/code/exp-cookbook/app/views/recipes/new.html.erb:17: syntax error, unexpected kEND, expecting '}'
;  end ; @output_buffer.concat "\n\n"
      ^
/home/indiehead/code/exp-cookbook/app/views/recipes/new.html.erb:21: syntax error, unexpected kENSURE, expecting '}'
/home/indiehead/code/exp-cookbook/app/views/recipes/new.html.erb:23: syntax error, unexpected kEND, expecting '}'
Function body:           def _run_erb_app47views47recipes47new46html46erb(local_assigns)
            old_output_buffer = output_buffer;;@output_buffer = '';  __in_erb_template=true ; @output_buffer.concat "<h1>New recipe</h1>\n\n"

;  form_for(@recipe) do |f| ; @output_buffer.concat "\n  "
; @output_buffer.concat(( f.error_messages ).to_s); @output_buffer.concat "\n\n  <p>\n    "


; @output_buffer.concat(( f.label :title ).to_s); @output_buffer.concat "<br />\n    "
; @output_buffer.concat(( f.text_field :title ).to_s); @output_buffer.concat "\n  </p>\n  <p>\n    "


; @output_buffer.concat(( select(:category_id, '', Category.find(:all).collect { |item| item.id, item.title })  ).to_s); @output_buffer.concat "<br />\n    "
; @output_buffer.concat(( f.text_field :category_id ).to_s); @output_buffer.concat "\n  </p>\n  <p>\n    "


; @output_buffer.concat(( f.submit 'Create' ).to_s); @output_buffer.concat "\n  </p>\n"

;  end ; @output_buffer.concat "\n\n"

; @output_buffer.concat(( link_to 'Back', recipes_path ).to_s); @output_buffer.concat "\n"
; @output_buffer
          ensure
            self.output_buffer = old_output_buffer
          end
Backtrace: /home/indiehead/code/exp-cookbook/app/views/recipes/new.html.erb:23:in `compile!'
/usr/local/lib/ruby/gems/1.8/gems/actionpack-2.3.2/lib/action_view/renderable.rb:61:in `compile'
/usr/local/lib/ruby/gems/1.8/gems/actionpack-2.3.2/lib/action_view/renderable.rb:28:in `render'
/usr/local/lib/ruby/gems/1.8/gems/actionpack-2.3.2/lib/action_view/template.rb:194:in `render_template'
/usr/local/lib/ruby/gems/1.8/gems/actionpack-2.3.2/lib/action_view/base.rb:260:in `render'
/usr/local/lib/ruby/gems/1.8/gems/actionpack-2.3.2/lib/action_view/base.rb:343:in `_render_with_layout'
/usr/local/lib/ruby/gems/1.8/gems/actionpack-2.3.2/lib/action_view/base.rb:257:in `render'
/usr/local/lib/ruby/gems/1.8/gems/actionpack-2.3.2/lib/action_controller/base.rb:1241:in `render_for_file'
/usr/local/lib/ruby/gems/1.8/gems/actionpack-2.3.2/lib/action_controller/base.rb:943:in `render_without_benchmark'
/usr/local/lib/ruby/gems/1.8/gems/actionpack-2.3.2/lib/action_controller/benchmarking.rb:51:in `render'
/usr/local/lib/ruby/gems/1.8/gems/activesupport-2.3.2/lib/active_support/core_ext/benchmark.rb:17:in `ms'
/usr/local/lib/ruby/1.8/benchmark.rb:309:in `realtime'
/usr/local/lib/ruby/gems/1.8/gems/activesupport-2.3.2/lib/active_support/core_ext/benchmark.rb:17:in `ms'
/usr/local/lib/ruby/gems/1.8/gems/actionpack-2.3.2/lib/action_controller/benchmarking.rb:51:in `render'
/usr/local/lib/ruby/gems/1.8/gems/actionpack-2.3.2/lib/action_controller/mime_responds.rb:135:in `send'
/usr/local/lib/ruby/gems/1.8/gems/actionpack-2.3.2/lib/action_controller/mime_responds.rb:135:in `custom'
/usr/local/lib/ruby/gems/1.8/gems/actionpack-2.3.2/lib/action_controller/mime_responds.rb:179:in `call'
/usr/local/lib/ruby/gems/1.8/gems/actionpack-2.3.2/lib/action_controller/mime_responds.rb:179:in `respond'
/usr/local/lib/ruby/gems/1.8/gems/actionpack-2.3.2/lib/action_controller/mime_responds.rb:173:in `each'
/usr/local/lib/ruby/gems/1.8/gems/actionpack-2.3.2/lib/action_controller/mime_responds.rb:173:in `respond'
/usr/local/lib/ruby/gems/1.8/gems/actionpack-2.3.2/lib/action_controller/mime_responds.rb:107:in `respond_to'
/home/indiehead/code/exp-cookbook/app/controllers/recipes_controller.rb:29:in `new'
/usr/local/lib/ruby/gems/1.8/gems/actionpack-2.3.2/lib/action_controller/base.rb:1322:in `send'
/usr/local/lib/ruby/gems/1.8/gems/actionpack-2.3.2/lib/action_controller/base.rb:1322:in `perform_action_without_filters'
/usr/local/lib/ruby/gems/1.8/gems/actionpack-2.3.2/lib/action_controller/filters.rb:617:in `call_filters'
/usr/local/lib/ruby/gems/1.8/gems/actionpack-2.3.2/lib/action_controller/filters.rb:610:in `perform_action_without_benchmark'
/usr/local/lib/ruby/gems/1.8/gems/actionpack-2.3.2/lib/action_controller/benchmarking.rb:68:in `perform_action_without_rescue'
/usr/local/lib/ruby/gems/1.8/gems/activesupport-2.3.2/lib/active_support/core_ext/benchmark.rb:17:in `ms'
/usr/local/lib/ruby/1.8/benchmark.rb:309:in `realtime'
/usr/local/lib/ruby/gems/1.8/gems/activesupport-2.3.2/lib/active_support/core_ext/benchmark.rb:17:in `ms'
/usr/local/lib/ruby/gems/1.8/gems/actionpack-2.3.2/lib/action_controller/benchmarking.rb:68:in `perform_action_without_rescue'
/usr/local/lib/ruby/gems/1.8/gems/actionpack-2.3.2/lib/action_controller/rescue.rb:160:in `perform_action_without_flash'
/usr/local/lib/ruby/gems/1.8/gems/actionpack-2.3.2/lib/action_controller/flash.rb:141:in `perform_action'
/usr/local/lib/ruby/gems/1.8/gems/actionpack-2.3.2/lib/action_controller/base.rb:523:in `send'
/usr/local/lib/ruby/gems/1.8/gems/actionpack-2.3.2/lib/action_controller/base.rb:523:in `process_without_filters'
/usr/local/lib/ruby/gems/1.8/gems/actionpack-2.3.2/lib/action_controller/filters.rb:606:in `process'
/usr/local/lib/ruby/gems/1.8/gems/actionpack-2.3.2/lib/action_controller/base.rb:391:in `process'
/usr/local/lib/ruby/gems/1.8/gems/actionpack-2.3.2/lib/action_controller/base.rb:386:in `call'
/usr/local/lib/ruby/gems/1.8/gems/actionpack-2.3.2/lib/action_controller/routing/route_set.rb:433:in `call'
/usr/local/lib/ruby/gems/1.8/gems/actionpack-2.3.2/lib/action_controller/dispatcher.rb:88:in `dispatch'
/usr/local/lib/ruby/gems/1.8/gems/actionpack-2.3.2/lib/action_controller/dispatcher.rb:111:in `_call'
/usr/local/lib/ruby/gems/1.8/gems/actionpack-2.3.2/lib/action_controller/dispatcher.rb:82:in `initialize'
/usr/local/lib/ruby/gems/1.8/gems/activerecord-2.3.2/lib/active_record/query_cache.rb:29:in `call'
/usr/local/lib/ruby/gems/1.8/gems/activerecord-2.3.2/lib/active_record/query_cache.rb:29:in `call'
/usr/local/lib/ruby/gems/1.8/gems/activerecord-2.3.2/lib/active_record/connection_adapters/abstract/query_cache.rb:34:in `cache'
/usr/local/lib/ruby/gems/1.8/gems/activerecord-2.3.2/lib/active_record/query_cache.rb:9:in `cache'
/usr/local/lib/ruby/gems/1.8/gems/activerecord-2.3.2/lib/active_record/query_cache.rb:28:in `call'
/usr/local/lib/ruby/gems/1.8/gems/activerecord-2.3.2/lib/active_record/connection_adapters/abstract/connection_pool.rb:361:in `call'
/usr/local/lib/ruby/gems/1.8/gems/actionpack-2.3.2/lib/action_controller/vendor/rack-1.0/rack/head.rb:9:in `call'
/usr/local/lib/ruby/gems/1.8/gems/actionpack-2.3.2/lib/action_controller/vendor/rack-1.0/rack/methodoverride.rb:24:in `call'
/usr/local/lib/ruby/gems/1.8/gems/actionpack-2.3.2/lib/action_controller/params_parser.rb:15:in `call'
/usr/local/lib/ruby/gems/1.8/gems/actionpack-2.3.2/lib/action_controller/rewindable_input.rb:25:in `call'
/usr/local/lib/ruby/gems/1.8/gems/actionpack-2.3.2/lib/action_controller/session/cookie_store.rb:93:in `call'
/usr/local/lib/ruby/gems/1.8/gems/actionpack-2.3.2/lib/action_controller/reloader.rb:9:in `call'
/usr/local/lib/ruby/gems/1.8/gems/actionpack-2.3.2/lib/action_controller/failsafe.rb:11:in `call'
/usr/local/lib/ruby/gems/1.8/gems/actionpack-2.3.2/lib/action_controller/vendor/rack-1.0/rack/lock.rb:11:in `call'
/usr/local/lib/ruby/gems/1.8/gems/actionpack-2.3.2/lib/action_controller/vendor/rack-1.0/rack/lock.rb:11:in `synchronize'
/usr/local/lib/ruby/gems/1.8/gems/actionpack-2.3.2/lib/action_controller/vendor/rack-1.0/rack/lock.rb:11:in `call'
/usr/local/lib/ruby/gems/1.8/gems/actionpack-2.3.2/lib/action_controller/dispatcher.rb:106:in `call'
/usr/local/lib/ruby/gems/1.8/gems/rails-2.3.2/lib/rails/rack/static.rb:31:in `call'
/usr/local/lib/ruby/gems/1.8/gems/actionpack-2.3.2/lib/action_controller/vendor/rack-1.0/rack/urlmap.rb:46:in `call'
/usr/local/lib/ruby/gems/1.8/gems/actionpack-2.3.2/lib/action_controller/vendor/rack-1.0/rack/urlmap.rb:40:in `each'
/usr/local/lib/ruby/gems/1.8/gems/actionpack-2.3.2/lib/action_controller/vendor/rack-1.0/rack/urlmap.rb:40:in `call'
/usr/local/lib/ruby/gems/1.8/gems/rails-2.3.2/lib/rails/rack/log_tailer.rb:17:in `call'
/usr/local/lib/ruby/gems/1.8/gems/actionpack-2.3.2/lib/action_controller/vendor/rack-1.0/rack/content_length.rb:13:in `call'
/usr/local/lib/ruby/gems/1.8/gems/actionpack-2.3.2/lib/action_controller/vendor/rack-1.0/rack/chunked.rb:15:in `call'
/usr/local/lib/ruby/gems/1.8/gems/actionpack-2.3.2/lib/action_controller/vendor/rack-1.0/rack/handler/mongrel.rb:61:in `process'
/usr/local/lib/ruby/gems/1.8/gems/mongrel-1.1.5/lib/mongrel.rb:159:in `process_client'
/usr/local/lib/ruby/gems/1.8/gems/mongrel-1.1.5/lib/mongrel.rb:158:in `each'
/usr/local/lib/ruby/gems/1.8/gems/mongrel-1.1.5/lib/mongrel.rb:158:in `process_client'
/usr/local/lib/ruby/gems/1.8/gems/mongrel-1.1.5/lib/mongrel.rb:285:in `run'
/usr/local/lib/ruby/gems/1.8/gems/mongrel-1.1.5/lib/mongrel.rb:285

ActionView::TemplateError (compile error
/home/indiehead/code/exp-cookbook/app/views/recipes/new.html.erb:11: syntax error, unexpected '}', expecting tCOLON2 or '[' or '.'
...{ |item| item.id, item.title })  ).to_s); @output_buffer.con...
                              ^
/home/indiehead/code/exp-cookbook/app/views/recipes/new.html.erb:17: syntax error, unexpected kEND, expecting '}'
;  end ; @output_buffer.concat "\n\n"
      ^
/home/indiehead/code/exp-cookbook/app/views/recipes/new.html.erb:21: syntax error, unexpected kENSURE, expecting '}'
/home/indiehead/code/exp-cookbook/app/views/recipes/new.html.erb:23: syntax error, unexpected kEND, expecting '}') on line #11 of app/views/recipes/new.html.erb:
8:     <%= f.text_field :title %>
9:   </p>
10:   <p>
11:     <%= select(:category_id, '', Category.find(:all).collect { |item| item.id, item.title })  %><br />
12:     <%= f.text_field :category_id %>
13:   </p>
14:   <p>

    app/views/recipes/new.html.erb:23:in `compile!'
    app/controllers/recipes_controller.rb:29:in `new'

Rendered rescues/_trace (34.6ms)
Rendered rescues/_request_and_response (0.4ms)
Rendering rescues/layout (internal_server_error)


Processing RecipesController#new (for 127.0.0.1 at 2009-03-25 18:05:42) [GET]
Rendering template within layouts/recipes
Rendering recipes/new
  [4;35;1mCategory Load (0.6ms)[0m   [0mSELECT * FROM "categories" [0m
Completed in 30ms (View: 20, DB: 1) | 200 OK [http://0.0.0.0/recipes/new]


Processing RecipesController#new (for 127.0.0.1 at 2009-03-25 18:05:43) [GET]
Rendering template within layouts/recipes
Rendering recipes/new
  [4;36;1mCategory Load (0.6ms)[0m   [0;1mSELECT * FROM "categories" [0m
Completed in 25ms (View: 15, DB: 1) | 200 OK [http://0.0.0.0/recipes/new]


Processing RecipesController#new (for 127.0.0.1 at 2009-03-25 18:05:56) [GET]
Rendering template within layouts/recipes
Rendering recipes/new
  [4;35;1mCategory Load (0.6ms)[0m   [0mSELECT * FROM "categories" [0m
Completed in 30ms (View: 19, DB: 1) | 200 OK [http://0.0.0.0/recipes/new]


Processing RecipesController#create (for 127.0.0.1 at 2009-03-25 18:05:58) [POST]
  Parameters: {"commit"=>"Create", "authenticity_token"=>"mWKUuqK2bz1AJnaaugmaf+KoONs5uu/MA3poNGoXeqs=", "category_id"=>["pasta"], "recipe"=>{"title"=>"test"}}
  [4;36;1mRecipe Create (1.0ms)[0m   [0;1mINSERT INTO "recipes" ("created_at", "title", "updated_at", "category_id") VALUES('2009-03-25 18:05:58', 'test', '2009-03-25 18:05:58', NULL)[0m
Redirected to http://0.0.0.0:3000/recipes/1
Completed in 118ms (DB: 1) | 302 Found [http://0.0.0.0/recipes]


Processing RecipesController#show (for 127.0.0.1 at 2009-03-25 18:05:58) [GET]
  Parameters: {"id"=>"1"}
  [4;35;1mRecipe Load (0.5ms)[0m   [0mSELECT * FROM "recipes" WHERE ("recipes"."id" = 1) [0m
Rendering template within layouts/recipes
Rendering recipes/show
Completed in 15ms (View: 6, DB: 0) | 200 OK [http://0.0.0.0/recipes/1]


Processing RecipesController#edit (for 127.0.0.1 at 2009-03-25 18:05:59) [GET]
  Parameters: {"id"=>"1"}
  [4;36;1mRecipe Load (0.4ms)[0m   [0;1mSELECT * FROM "recipes" WHERE ("recipes"."id" = 1) [0m
Rendering template within layouts/recipes
Rendering recipes/edit
Completed in 26ms (View: 16, DB: 0) | 200 OK [http://0.0.0.0/recipes/1/edit]


Processing RecipesController#index (for 127.0.0.1 at 2009-03-25 18:06:15) [GET]
  [4;35;1mRecipe Load (0.8ms)[0m   [0mSELECT * FROM "recipes" [0m
Rendering template within layouts/recipes
Rendering recipes/index
Completed in 21ms (View: 12, DB: 1) | 200 OK [http://0.0.0.0/recipes]


Processing RecipesController#new (for 127.0.0.1 at 2009-03-25 18:06:17) [GET]
Rendering template within layouts/recipes
Rendering recipes/new
  [4;36;1mCategory Load (0.6ms)[0m   [0;1mSELECT * FROM "categories" [0m

ActionView::TemplateError (undefined method `merge' for [[1, "pasta"], [2, "rice"]]:Array) on line #11 of app/views/recipes/new.html.erb:
8:     <%= f.text_field :title %>
9:   </p>
10:   <p>
11:     <%= f.select(:category_id, '', Category.find(:all).collect { |item| [item.id, item.title] })  %><br />
12:   </p>
13:   <p>
14:     <%= f.submit 'Create' %>

    app/views/recipes/new.html.erb:11
    app/views/recipes/new.html.erb:3
    app/controllers/recipes_controller.rb:29:in `new'

Rendered rescues/_trace (40.0ms)
Rendered rescues/_request_and_response (0.4ms)
Rendering rescues/layout (internal_server_error)


Processing RecipesController#new (for 127.0.0.1 at 2009-03-25 18:06:48) [GET]
Rendering template within layouts/recipes
Rendering recipes/new
  [4;35;1mCategory Load (0.4ms)[0m   [0mSELECT * FROM "categories" [0m
Completed in 21ms (View: 14, DB: 0) | 200 OK [http://0.0.0.0/recipes/new]


Processing RecipesController#new (for 127.0.0.1 at 2009-03-25 18:07:09) [GET]
Rendering template within layouts/recipes
Rendering recipes/new
  [4;36;1mCategory Load (0.6ms)[0m   [0;1mSELECT * FROM "categories" [0m
Completed in 36ms (View: 25, DB: 1) | 200 OK [http://0.0.0.0/recipes/new]


Processing RecipesController#new (for 127.0.0.1 at 2009-03-25 18:07:10) [GET]
Rendering template within layouts/recipes
Rendering recipes/new
  [4;35;1mCategory Load (0.4ms)[0m   [0mSELECT * FROM "categories" [0m
Completed in 21ms (View: 11, DB: 0) | 200 OK [http://0.0.0.0/recipes/new]


Processing RecipesController#new (for 127.0.0.1 at 2009-03-25 18:07:15) [GET]
Rendering template within layouts/recipes
Rendering recipes/new
  [4;36;1mCategory Load (0.5ms)[0m   [0;1mSELECT * FROM "categories" [0m
Completed in 20ms (View: 12, DB: 1) | 200 OK [http://0.0.0.0/recipes/new]


Processing RecipesController#new (for 127.0.0.1 at 2009-03-25 18:07:33) [GET]
Rendering template within layouts/recipes
Rendering recipes/new
  [4;35;1mCategory Load (0.4ms)[0m   [0mSELECT * FROM "categories" [0m
Completed in 113ms (View: 103, DB: 0) | 200 OK [http://0.0.0.0/recipes/new]


Processing RecipesController#new (for 127.0.0.1 at 2009-03-25 18:07:34) [GET]
Rendering template within layouts/recipes
Rendering recipes/new
  [4;36;1mCategory Load (0.6ms)[0m   [0;1mSELECT * FROM "categories" [0m
Completed in 28ms (View: 16, DB: 1) | 200 OK [http://0.0.0.0/recipes/new]


Processing RecipesController#new (for 127.0.0.1 at 2009-03-25 18:07:51) [GET]
Rendering template within layouts/recipes
Rendering recipes/new
  [4;35;1mCategory Load (0.6ms)[0m   [0mSELECT * FROM "categories" [0m
Completed in 30ms (View: 20, DB: 1) | 200 OK [http://0.0.0.0/recipes/new]


Processing CategoriesController#index (for 127.0.0.1 at 2009-03-26 00:09:21) [GET]
  [4;36;1mCategory Load (0.9ms)[0m   [0;1mSELECT * FROM "categories" [0m
Rendering template within layouts/categories
Rendering categories/index
Completed in 45ms (View: 27, DB: 1) | 200 OK [http://0.0.0.0/]


Processing CategoriesController#show (for 127.0.0.1 at 2009-03-26 00:09:24) [GET]
  Parameters: {"id"=>"1"}
  [4;35;1mCategory Load (0.4ms)[0m   [0mSELECT * FROM "categories" WHERE ("categories"."id" = 1) [0m
Rendering template within layouts/categories
Rendering categories/show
Completed in 19ms (View: 8, DB: 0) | 200 OK [http://0.0.0.0/categories/1]


Processing CategoriesController#index (for 127.0.0.1 at 2009-03-26 00:09:26) [GET]
  [4;36;1mCategory Load (1.0ms)[0m   [0;1mSELECT * FROM "categories" [0m
Rendering template within layouts/categories
Rendering categories/index
Completed in 18ms (View: 8, DB: 1) | 200 OK [http://0.0.0.0/categories]


Processing CategoriesController#index (for 127.0.0.1 at 2009-03-26 00:10:30) [GET]
  [4;35;1mCategory Load (1.1ms)[0m   [0mSELECT * FROM "categories" [0m
Rendering template within layouts/categories
Rendering categories/index

ActionView::TemplateError (undefined method `new_category_recipe' for #<ActionView::Base:0x7f3130be2e00>) on line #14 of app/views/categories/index.html.erb:
11:     <td><%= link_to 'Show', category %></td>
12:     <td><%= link_to 'Edit', edit_category_path(category) %></td>
13:     <td><%= link_to 'Destroy', category, :confirm => 'Are you sure?', :method => :delete %></td>
14:     <td><%= link_to 'New recipe', new_category_recipe(category) %></td>
15:   </tr>
16: <% end %>
17: </table>

    app/views/categories/index.html.erb:14
    app/views/categories/index.html.erb:8:in `each'
    app/views/categories/index.html.erb:8
    app/controllers/categories_controller.rb:7:in `index'

Rendered rescues/_trace (39.4ms)
Rendered rescues/_request_and_response (1.7ms)
Rendering rescues/layout (internal_server_error)


Processing CategoriesController#index (for 127.0.0.1 at 2009-03-26 00:10:52) [GET]
  [4;36;1mCategory Load (1.3ms)[0m   [0;1mSELECT * FROM "categories" [0m
Rendering template within layouts/categories
Rendering categories/index

ActionView::TemplateError (undefined method `new_category_recipes' for #<ActionView::Base:0x7f312d395570>) on line #14 of app/views/categories/index.html.erb:
11:     <td><%= link_to 'Show', category %></td>
12:     <td><%= link_to 'Edit', edit_category_path(category) %></td>
13:     <td><%= link_to 'Destroy', category, :confirm => 'Are you sure?', :method => :delete %></td>
14:     <td><%= link_to 'New recipe', new_category_recipes(category) %></td>
15:   </tr>
16: <% end %>
17: </table>

    app/views/categories/index.html.erb:14
    app/views/categories/index.html.erb:8:in `each'
    app/views/categories/index.html.erb:8
    app/controllers/categories_controller.rb:7:in `index'

Rendered rescues/_trace (47.1ms)
Rendered rescues/_request_and_response (0.4ms)
Rendering rescues/layout (internal_server_error)


Processing CategoriesController#index (for 127.0.0.1 at 2009-03-26 00:11:51) [GET]
  [4;35;1mCategory Load (1.2ms)[0m   [0mSELECT * FROM "categories" [0m
Rendering template within layouts/categories
Rendering categories/index

ActionView::TemplateError (undefined method `new_category_recipe' for #<ActionView::Base:0x7f312d1832c8>) on line #14 of app/views/categories/index.html.erb:
11:     <td><%= link_to 'Show', category %></td>
12:     <td><%= link_to 'Edit', edit_category_path(category) %></td>
13:     <td><%= link_to 'Destroy', category, :confirm => 'Are you sure?', :method => :delete %></td>
14:     <td><%= link_to 'New recipe', new_category_recipe(category) %></td>
15:   </tr>
16: <% end %>
17: </table>

    app/views/categories/index.html.erb:14
    app/views/categories/index.html.erb:8:in `each'
    app/views/categories/index.html.erb:8
    app/controllers/categories_controller.rb:7:in `index'

Rendered rescues/_trace (36.2ms)
Rendered rescues/_request_and_response (0.4ms)
Rendering rescues/layout (internal_server_error)


Processing CategoriesController#index (for 127.0.0.1 at 2009-03-26 00:11:51) [GET]
  [4;36;1mCategory Load (1.0ms)[0m   [0;1mSELECT * FROM "categories" [0m
Rendering template within layouts/categories
Rendering categories/index

ActionView::TemplateError (undefined method `new_category_recipe' for #<ActionView::Base:0x7f312d510f08>) on line #14 of app/views/categories/index.html.erb:
11:     <td><%= link_to 'Show', category %></td>
12:     <td><%= link_to 'Edit', edit_category_path(category) %></td>
13:     <td><%= link_to 'Destroy', category, :confirm => 'Are you sure?', :method => :delete %></td>
14:     <td><%= link_to 'New recipe', new_category_recipe(category) %></td>
15:   </tr>
16: <% end %>
17: </table>

    app/views/categories/index.html.erb:14
    app/views/categories/index.html.erb:8:in `each'
    app/views/categories/index.html.erb:8
    app/controllers/categories_controller.rb:7:in `index'

Rendered rescues/_trace (29.2ms)
Rendered rescues/_request_and_response (0.4ms)
Rendering rescues/layout (internal_server_error)


Processing CategoriesController#index (for 127.0.0.1 at 2009-03-26 00:11:52) [GET]
  [4;35;1mCategory Load (0.6ms)[0m   [0mSELECT * FROM "categories" [0m
Rendering template within layouts/categories
Rendering categories/index

ActionView::TemplateError (undefined method `new_category_recipe' for #<ActionView::Base:0x7f312d307720>) on line #14 of app/views/categories/index.html.erb:
11:     <td><%= link_to 'Show', category %></td>
12:     <td><%= link_to 'Edit', edit_category_path(category) %></td>
13:     <td><%= link_to 'Destroy', category, :confirm => 'Are you sure?', :method => :delete %></td>
14:     <td><%= link_to 'New recipe', new_category_recipe(category) %></td>
15:   </tr>
16: <% end %>
17: </table>

    app/views/categories/index.html.erb:14
    app/views/categories/index.html.erb:8:in `each'
    app/views/categories/index.html.erb:8
    app/controllers/categories_controller.rb:7:in `index'

Rendered rescues/_trace (29.2ms)
Rendered rescues/_request_and_response (0.3ms)
Rendering rescues/layout (internal_server_error)


Processing CategoriesController#index (for 127.0.0.1 at 2009-03-26 00:11:52) [GET]
  [4;36;1mCategory Load (0.6ms)[0m   [0;1mSELECT * FROM "categories" [0m
Rendering template within layouts/categories
Rendering categories/index

ActionView::TemplateError (undefined method `new_category_recipe' for #<ActionView::Base:0x7f312d0eab40>) on line #14 of app/views/categories/index.html.erb:
11:     <td><%= link_to 'Show', category %></td>
12:     <td><%= link_to 'Edit', edit_category_path(category) %></td>
13:     <td><%= link_to 'Destroy', category, :confirm => 'Are you sure?', :method => :delete %></td>
14:     <td><%= link_to 'New recipe', new_category_recipe(category) %></td>
15:   </tr>
16: <% end %>
17: </table>

    app/views/categories/index.html.erb:14
    app/views/categories/index.html.erb:8:in `each'
    app/views/categories/index.html.erb:8
    app/controllers/categories_controller.rb:7:in `index'

Rendered rescues/_trace (30.8ms)
Rendered rescues/_request_and_response (0.3ms)
Rendering rescues/layout (internal_server_error)


Processing CategoriesController#index (for 127.0.0.1 at 2009-03-26 00:12:31) [GET]
  [4;35;1mCategory Load (0.9ms)[0m   [0mSELECT * FROM "categories" [0m
Rendering template within layouts/categories
Rendering categories/index

ActionView::TemplateError (undefined local variable or method `new_category_recipe' for #<ActionView::Base:0x7f312d3fc568>) on line #14 of app/views/categories/index.html.erb:
11:     <td><%= link_to 'Show', category %></td>
12:     <td><%= link_to 'Edit', edit_category_path(category) %></td>
13:     <td><%= link_to 'Destroy', category, :confirm => 'Are you sure?', :method => :delete %></td>
14:     <td><%= link_to 'New recipe', new_category_recipe %></td>
15:   </tr>
16: <% end %>
17: </table>

    app/views/categories/index.html.erb:14
    app/views/categories/index.html.erb:8:in `each'
    app/views/categories/index.html.erb:8
    app/controllers/categories_controller.rb:7:in `index'

Rendered rescues/_trace (47.5ms)
Rendered rescues/_request_and_response (0.5ms)
Rendering rescues/layout (internal_server_error)


Processing CategoriesController#index (for 127.0.0.1 at 2009-03-26 00:12:32) [GET]
  [4;36;1mCategory Load (0.6ms)[0m   [0;1mSELECT * FROM "categories" [0m
Rendering template within layouts/categories
Rendering categories/index

ActionView::TemplateError (undefined local variable or method `new_category_recipe' for #<ActionView::Base:0x7f312d1e0838>) on line #14 of app/views/categories/index.html.erb:
11:     <td><%= link_to 'Show', category %></td>
12:     <td><%= link_to 'Edit', edit_category_path(category) %></td>
13:     <td><%= link_to 'Destroy', category, :confirm => 'Are you sure?', :method => :delete %></td>
14:     <td><%= link_to 'New recipe', new_category_recipe %></td>
15:   </tr>
16: <% end %>
17: </table>

    app/views/categories/index.html.erb:14
    app/views/categories/index.html.erb:8:in `each'
    app/views/categories/index.html.erb:8
    app/controllers/categories_controller.rb:7:in `index'

Rendered rescues/_trace (28.7ms)
Rendered rescues/_request_and_response (0.3ms)
Rendering rescues/layout (internal_server_error)


Processing CategoriesController#index (for 127.0.0.1 at 2009-03-26 00:12:32) [GET]
  [4;35;1mCategory Load (0.7ms)[0m   [0mSELECT * FROM "categories" [0m
Rendering template within layouts/categories
Rendering categories/index

ActionView::TemplateError (undefined local variable or method `new_category_recipe' for #<ActionView::Base:0x7f312cfcacd8>) on line #14 of app/views/categories/index.html.erb:
11:     <td><%= link_to 'Show', category %></td>
12:     <td><%= link_to 'Edit', edit_category_path(category) %></td>
13:     <td><%= link_to 'Destroy', category, :confirm => 'Are you sure?', :method => :delete %></td>
14:     <td><%= link_to 'New recipe', new_category_recipe %></td>
15:   </tr>
16: <% end %>
17: </table>

    app/views/categories/index.html.erb:14
    app/views/categories/index.html.erb:8:in `each'
    app/views/categories/index.html.erb:8
    app/controllers/categories_controller.rb:7:in `index'

Rendered rescues/_trace (29.9ms)
Rendered rescues/_request_and_response (0.4ms)
Rendering rescues/layout (internal_server_error)


Processing CategoriesController#index (for 127.0.0.1 at 2009-03-26 00:12:45) [GET]
  [4;36;1mCategory Load (1.1ms)[0m   [0;1mSELECT * FROM "categories" [0m
Rendering template within layouts/categories
Rendering categories/index

ActionView::TemplateError (undefined method `new_category_recipe' for #<ActionView::Base:0x7f312d346510>) on line #14 of app/views/categories/index.html.erb:
11:     <td><%= link_to 'Show', category %></td>
12:     <td><%= link_to 'Edit', edit_category_path(category) %></td>
13:     <td><%= link_to 'Destroy', category, :confirm => 'Are you sure?', :method => :delete %></td>
14:     <td><%= link_to 'New recipe', new_category_recipe(category) %></td>
15:   </tr>
16: <% end %>
17: </table>

    app/views/categories/index.html.erb:14
    app/views/categories/index.html.erb:8:in `each'
    app/views/categories/index.html.erb:8
    app/controllers/categories_controller.rb:7:in `index'

Rendered rescues/_trace (47.0ms)
Rendered rescues/_request_and_response (0.5ms)
Rendering rescues/layout (internal_server_error)


Processing CategoriesController#index (for 127.0.0.1 at 2009-03-26 00:12:46) [GET]
  [4;35;1mCategory Load (1.1ms)[0m   [0mSELECT * FROM "categories" [0m
Rendering template within layouts/categories
Rendering categories/index

ActionView::TemplateError (undefined method `new_category_recipe' for #<ActionView::Base:0x7f312d12d198>) on line #14 of app/views/categories/index.html.erb:
11:     <td><%= link_to 'Show', category %></td>
12:     <td><%= link_to 'Edit', edit_category_path(category) %></td>
13:     <td><%= link_to 'Destroy', category, :confirm => 'Are you sure?', :method => :delete %></td>
14:     <td><%= link_to 'New recipe', new_category_recipe(category) %></td>
15:   </tr>
16: <% end %>
17: </table>

    app/views/categories/index.html.erb:14
    app/views/categories/index.html.erb:8:in `each'
    app/views/categories/index.html.erb:8
    app/controllers/categories_controller.rb:7:in `index'

Rendered rescues/_trace (117.0ms)
Rendered rescues/_request_and_response (0.4ms)
Rendering rescues/layout (internal_server_error)


Processing CategoriesController#index (for 127.0.0.1 at 2009-03-26 00:13:22) [GET]
  [4;36;1mCategory Load (1.0ms)[0m   [0;1mSELECT * FROM "categories" [0m
Rendering template within layouts/categories
Rendering categories/index

ActionView::TemplateError (undefined local variable or method `categories' for #<ActionView::Base:0x7f312d4dc078>) on line #14 of app/views/categories/index.html.erb:
11:     <td><%= link_to 'Show', category %></td>
12:     <td><%= link_to 'Edit', edit_category_path(category) %></td>
13:     <td><%= link_to 'Destroy', category, :confirm => 'Are you sure?', :method => :delete %></td>
14:     <td><%= link_to 'New recipe', new_category_recipe(categories) %></td>
15:   </tr>
16: <% end %>
17: </table>

    app/views/categories/index.html.erb:14
    app/views/categories/index.html.erb:8:in `each'
    app/views/categories/index.html.erb:8
    app/controllers/categories_controller.rb:7:in `index'

Rendered rescues/_trace (48.2ms)
Rendered rescues/_request_and_response (0.5ms)
Rendering rescues/layout (internal_server_error)


Processing CategoriesController#index (for 127.0.0.1 at 2009-03-26 00:13:23) [GET]
  [4;35;1mCategory Load (0.9ms)[0m   [0mSELECT * FROM "categories" [0m
Rendering template within layouts/categories
Rendering categories/index

ActionView::TemplateError (undefined local variable or method `categories' for #<ActionView::Base:0x7f312d2bb348>) on line #14 of app/views/categories/index.html.erb:
11:     <td><%= link_to 'Show', category %></td>
12:     <td><%= link_to 'Edit', edit_category_path(category) %></td>
13:     <td><%= link_to 'Destroy', category, :confirm => 'Are you sure?', :method => :delete %></td>
14:     <td><%= link_to 'New recipe', new_category_recipe(categories) %></td>
15:   </tr>
16: <% end %>
17: </table>

    app/views/categories/index.html.erb:14
    app/views/categories/index.html.erb:8:in `each'
    app/views/categories/index.html.erb:8
    app/controllers/categories_controller.rb:7:in `index'

Rendered rescues/_trace (28.8ms)
Rendered rescues/_request_and_response (0.3ms)
Rendering rescues/layout (internal_server_error)


Processing CategoriesController#index (for 127.0.0.1 at 2009-03-26 00:13:28) [GET]
  [4;36;1mCategory Load (0.9ms)[0m   [0;1mSELECT * FROM "categories" [0m
Rendering template within layouts/categories
Rendering categories/index

ActionView::TemplateError (undefined method `new_category_recipe' for #<ActionView::Base:0x7f312d0a9ac8>) on line #14 of app/views/categories/index.html.erb:
11:     <td><%= link_to 'Show', category %></td>
12:     <td><%= link_to 'Edit', edit_category_path(category) %></td>
13:     <td><%= link_to 'Destroy', category, :confirm => 'Are you sure?', :method => :delete %></td>
14:     <td><%= link_to 'New recipe', new_category_recipe(category) %></td>
15:   </tr>
16: <% end %>
17: </table>

    app/views/categories/index.html.erb:14
    app/views/categories/index.html.erb:8:in `each'
    app/views/categories/index.html.erb:8
    app/controllers/categories_controller.rb:7:in `index'

Rendered rescues/_trace (29.8ms)
Rendered rescues/_request_and_response (0.3ms)
Rendering rescues/layout (internal_server_error)


Processing CategoriesController#index (for 127.0.0.1 at 2009-03-26 00:13:29) [GET]
  [4;35;1mCategory Load (0.9ms)[0m   [0mSELECT * FROM "categories" [0m
Rendering template within layouts/categories
Rendering categories/index

ActionView::TemplateError (undefined method `new_category_recipe' for #<ActionView::Base:0x7f312d361e00>) on line #14 of app/views/categories/index.html.erb:
11:     <td><%= link_to 'Show', category %></td>
12:     <td><%= link_to 'Edit', edit_category_path(category) %></td>
13:     <td><%= link_to 'Destroy', category, :confirm => 'Are you sure?', :method => :delete %></td>
14:     <td><%= link_to 'New recipe', new_category_recipe(category) %></td>
15:   </tr>
16: <% end %>
17: </table>

    app/views/categories/index.html.erb:14
    app/views/categories/index.html.erb:8:in `each'
    app/views/categories/index.html.erb:8
    app/controllers/categories_controller.rb:7:in `index'

Rendered rescues/_trace (33.3ms)
Rendered rescues/_request_and_response (0.3ms)
Rendering rescues/layout (internal_server_error)


Processing CategoriesController#index (for 127.0.0.1 at 2009-03-26 00:13:29) [GET]
  [4;36;1mCategory Load (0.8ms)[0m   [0;1mSELECT * FROM "categories" [0m
Rendering template within layouts/categories
Rendering categories/index

ActionView::TemplateError (undefined method `new_category_recipe' for #<ActionView::Base:0x7f312d156b88>) on line #14 of app/views/categories/index.html.erb:
11:     <td><%= link_to 'Show', category %></td>
12:     <td><%= link_to 'Edit', edit_category_path(category) %></td>
13:     <td><%= link_to 'Destroy', category, :confirm => 'Are you sure?', :method => :delete %></td>
14:     <td><%= link_to 'New recipe', new_category_recipe(category) %></td>
15:   </tr>
16: <% end %>
17: </table>

    app/views/categories/index.html.erb:14
    app/views/categories/index.html.erb:8:in `each'
    app/views/categories/index.html.erb:8
    app/controllers/categories_controller.rb:7:in `index'

Rendered rescues/_trace (36.2ms)
Rendered rescues/_request_and_response (0.4ms)
Rendering rescues/layout (internal_server_error)


Processing CategoriesController#index (for 127.0.0.1 at 2009-03-26 00:14:09) [GET]
  [4;35;1mCategory Load (1.0ms)[0m   [0mSELECT * FROM "categories" [0m
Rendering template within layouts/categories
Rendering categories/index
Completed in 25ms (View: 13, DB: 1) | 200 OK [http://0.0.0.0/categories]


Processing CategoriesController#index (for 127.0.0.1 at 2009-03-26 00:14:09) [GET]
  [4;36;1mCategory Load (1.0ms)[0m   [0;1mSELECT * FROM "categories" [0m
Rendering template within layouts/categories
Rendering categories/index
Completed in 18ms (View: 8, DB: 1) | 200 OK [http://0.0.0.0/categories]


Processing CategoriesController#index (for 127.0.0.1 at 2009-03-26 00:14:10) [GET]
  [4;35;1mCategory Load (0.7ms)[0m   [0mSELECT * FROM "categories" [0m
Rendering template within layouts/categories
Rendering categories/index
Completed in 13ms (View: 6, DB: 1) | 200 OK [http://0.0.0.0/categories]


Processing CategoriesController#index (for 127.0.0.1 at 2009-03-26 00:14:46) [GET]
  [4;36;1mCategory Load (1.0ms)[0m   [0;1mSELECT * FROM "categories" [0m
Rendering template within layouts/categories
Rendering categories/index
Completed in 23ms (View: 13, DB: 1) | 200 OK [http://0.0.0.0/categories]


Processing CategoriesController#index (for 127.0.0.1 at 2009-03-26 00:14:47) [GET]
  [4;35;1mCategory Load (1.0ms)[0m   [0mSELECT * FROM "categories" [0m
Rendering template within layouts/categories
Rendering categories/index
Completed in 17ms (View: 8, DB: 1) | 200 OK [http://0.0.0.0/categories]


Processing RecipesController#new (for 127.0.0.1 at 2009-03-26 00:14:51) [GET]
  Parameters: {"category_id"=>"2"}
Rendering template within layouts/recipes
Rendering recipes/new
  [4;36;1mCategory Load (0.5ms)[0m   [0;1mSELECT * FROM "categories" [0m
Completed in 121ms (View: 108, DB: 0) | 200 OK [http://0.0.0.0/categories/2/recipes/new]


Processing CategoriesController#index (for 127.0.0.1 at 2009-03-26 00:14:54) [GET]
  [4;35;1mCategory Load (1.0ms)[0m   [0mSELECT * FROM "categories" [0m
Rendering template within layouts/categories
Rendering categories/index
Completed in 19ms (View: 8, DB: 1) | 200 OK [http://0.0.0.0/categories]


Processing RecipesController#new (for 127.0.0.1 at 2009-03-26 00:14:55) [GET]
  Parameters: {"category_id"=>"1"}
Rendering template within layouts/recipes
Rendering recipes/new
  [4;36;1mCategory Load (0.6ms)[0m   [0;1mSELECT * FROM "categories" [0m
Completed in 25ms (View: 15, DB: 1) | 200 OK [http://0.0.0.0/categories/1/recipes/new]


Processing RecipesController#new (for 127.0.0.1 at 2009-03-26 00:14:58) [GET]
  Parameters: {"category_id"=>"2"}
Rendering template within layouts/recipes
Rendering recipes/new
  [4;35;1mCategory Load (0.6ms)[0m   [0mSELECT * FROM "categories" [0m
Completed in 25ms (View: 15, DB: 1) | 200 OK [http://0.0.0.0/categories/2/recipes/new]


Processing RecipesController#new (for 127.0.0.1 at 2009-03-26 00:15:40) [GET]
  Parameters: {"category_id"=>"2"}

NameError (undefined local variable or method `param' for #<RecipesController:0x7f312d340b10>):
  app/controllers/recipes_controller.rb:28:in `new'

Rendered rescues/_trace (20.1ms)
Rendered rescues/_request_and_response (0.4ms)
Rendering rescues/layout (internal_server_error)


Processing RecipesController#new (for 127.0.0.1 at 2009-03-26 00:15:41) [GET]
  Parameters: {"category_id"=>"2"}

NameError (undefined local variable or method `param' for #<RecipesController:0x7f312d1def38>):
  app/controllers/recipes_controller.rb:28:in `new'

Rendered rescues/_trace (21.7ms)
Rendered rescues/_request_and_response (0.4ms)
Rendering rescues/layout (internal_server_error)


Processing RecipesController#new (for 127.0.0.1 at 2009-03-26 00:15:45) [GET]
  Parameters: {"category_id"=>"2"}
  [4;36;1mCategory Load (0.4ms)[0m   [0;1mSELECT * FROM "categories" WHERE ("categories"."id" = 2) [0m
Rendering template within layouts/recipes
Rendering recipes/new
  [4;35;1mCategory Load (0.6ms)[0m   [0mSELECT * FROM "categories" [0m
Completed in 26ms (View: 8, DB: 1) | 200 OK [http://0.0.0.0/categories/2/recipes/new]


Processing RecipesController#new (for 127.0.0.1 at 2009-03-26 00:15:46) [GET]
  Parameters: {"category_id"=>"2"}
  [4;36;1mCategory Load (0.3ms)[0m   [0;1mSELECT * FROM "categories" WHERE ("categories"."id" = 2) [0m
Rendering template within layouts/recipes
Rendering recipes/new
  [4;35;1mCategory Load (0.4ms)[0m   [0mSELECT * FROM "categories" [0m
Completed in 18ms (View: 7, DB: 1) | 200 OK [http://0.0.0.0/categories/2/recipes/new]


Processing RecipesController#new (for 127.0.0.1 at 2009-03-26 00:16:37) [GET]
  Parameters: {"category_id"=>"2"}
Rendering template within layouts/recipes
Rendering recipes/new
  [4;36;1mCategory Load (0.6ms)[0m   [0;1mSELECT * FROM "categories" [0m
Completed in 29ms (View: 19, DB: 1) | 200 OK [http://0.0.0.0/categories/2/recipes/new]


Processing RecipesController#new (for 127.0.0.1 at 2009-03-26 00:16:37) [GET]
  Parameters: {"category_id"=>"2"}
Rendering template within layouts/recipes
Rendering recipes/new
  [4;35;1mCategory Load (0.6ms)[0m   [0mSELECT * FROM "categories" [0m
Completed in 25ms (View: 14, DB: 1) | 200 OK [http://0.0.0.0/categories/2/recipes/new]


Processing RecipesController#new (for 127.0.0.1 at 2009-03-26 00:16:43) [GET]
  Parameters: {"category_id"=>"2"}
Rendering template within layouts/recipes
Rendering recipes/new
  [4;36;1mCategory Load (0.4ms)[0m   [0;1mSELECT * FROM "categories" [0m
Completed in 19ms (View: 11, DB: 0) | 200 OK [http://0.0.0.0/categories/2/recipes/new]


Processing RecipesController#new (for 127.0.0.1 at 2009-03-26 00:17:10) [GET]
  Parameters: {"category_id"=>"2"}
Rendering template within layouts/recipes
Rendering recipes/new
  [4;35;1mCategory Load (0.4ms)[0m   [0mSELECT * FROM "categories" [0m
Completed in 22ms (View: 14, DB: 0) | 200 OK [http://0.0.0.0/categories/2/recipes/new]


Processing RecipesController#new (for 127.0.0.1 at 2009-03-26 00:17:46) [GET]
  Parameters: {"category_id"=>"2"}
Rendering template within layouts/recipes
Rendering recipes/new
  [4;36;1mCategory Load (0.6ms)[0m   [0;1mSELECT * FROM "categories" [0m
Completed in 29ms (View: 19, DB: 1) | 200 OK [http://0.0.0.0/categories/2/recipes/new]


Processing RecipesController#new (for 127.0.0.1 at 2009-03-26 00:17:47) [GET]
  Parameters: {"category_id"=>"2"}
Rendering template within layouts/recipes
Rendering recipes/new
  [4;35;1mCategory Load (0.6ms)[0m   [0mSELECT * FROM "categories" [0m
Completed in 24ms (View: 14, DB: 1) | 200 OK [http://0.0.0.0/categories/2/recipes/new]


Processing RecipesController#new (for 127.0.0.1 at 2009-03-26 00:18:14) [GET]
  Parameters: {"category_id"=>"2"}
Rendering template within layouts/recipes
Rendering recipes/new
  [4;36;1mCategory Load (0.6ms)[0m   [0;1mSELECT * FROM "categories" [0m

ActionView::TemplateError (undefined method `merge' for [["pasta", 1], ["rice", 2]]:Array) on line #11 of app/views/recipes/new.html.erb:
8:     <%= f.text_field :title %>
9:   </p>
10:   <p>
11:     <%= f.select('recipe', 'category_id', Category.find(:all).map { |item| [item.title, item.id] })  %><br />
12:   </p>
13:   <p>
14:     <%= f.submit 'Create' %>

    app/views/recipes/new.html.erb:11
    app/views/recipes/new.html.erb:3
    app/controllers/recipes_controller.rb:29:in `new'

Rendered rescues/_trace (31.2ms)
Rendered rescues/_request_and_response (0.3ms)
Rendering rescues/layout (internal_server_error)


Processing RecipesController#new (for 127.0.0.1 at 2009-03-26 00:18:15) [GET]
  Parameters: {"category_id"=>"2"}
Rendering template within layouts/recipes
Rendering recipes/new
  [4;35;1mCategory Load (0.6ms)[0m   [0mSELECT * FROM "categories" [0m

ActionView::TemplateError (undefined method `merge' for [["pasta", 1], ["rice", 2]]:Array) on line #11 of app/views/recipes/new.html.erb:
8:     <%= f.text_field :title %>
9:   </p>
10:   <p>
11:     <%= f.select('recipe', 'category_id', Category.find(:all).map { |item| [item.title, item.id] })  %><br />
12:   </p>
13:   <p>
14:     <%= f.submit 'Create' %>

    app/views/recipes/new.html.erb:11
    app/views/recipes/new.html.erb:3
    app/controllers/recipes_controller.rb:29:in `new'

Rendered rescues/_trace (49.3ms)
Rendered rescues/_request_and_response (0.4ms)
Rendering rescues/layout (internal_server_error)


Processing RecipesController#new (for 127.0.0.1 at 2009-03-26 00:18:29) [GET]
  Parameters: {"category_id"=>"2"}
Rendering template within layouts/recipes
Rendering recipes/new
  [4;36;1mCategory Load (0.6ms)[0m   [0;1mSELECT * FROM "categories" [0m
Completed in 31ms (View: 20, DB: 1) | 200 OK [http://0.0.0.0/categories/2/recipes/new]


Processing RecipesController#new (for 127.0.0.1 at 2009-03-26 00:20:23) [GET]
  Parameters: {"category_id"=>"2"}
  [4;35;1mSQL (0.5ms)[0m   [0m SELECT name
 FROM sqlite_master
 WHERE type = 'table' AND NOT name = 'sqlite_sequence'
[0m

NoMethodError (undefined method `category' for #<Class:0x7f312d061228>):
  app/controllers/recipes_controller.rb:28:in `new'

Rendered rescues/_trace (104.0ms)
Rendered rescues/_request_and_response (0.4ms)
Rendering rescues/layout (internal_server_error)


Processing RecipesController#new (for 127.0.0.1 at 2009-03-26 00:20:23) [GET]
  Parameters: {"category_id"=>"2"}
  [4;36;1mSQL (0.5ms)[0m   [0;1m SELECT name
 FROM sqlite_master
 WHERE type = 'table' AND NOT name = 'sqlite_sequence'
[0m

NoMethodError (undefined method `category' for #<Class:0x7f312d45eb50>):
  app/controllers/recipes_controller.rb:28:in `new'

Rendered rescues/_trace (35.0ms)
Rendered rescues/_request_and_response (0.5ms)
Rendering rescues/layout (internal_server_error)


Processing RecipesController#new (for 127.0.0.1 at 2009-03-26 00:20:37) [GET]
  Parameters: {"category_id"=>"2"}
  [4;35;1mSQL (0.8ms)[0m   [0m SELECT name
 FROM sqlite_master
 WHERE type = 'table' AND NOT name = 'sqlite_sequence'
[0m

NoMethodError (undefined method `Recipe' for #<Class:0x7f312d328510>):
  app/controllers/recipes_controller.rb:27:in `new'

Rendered rescues/_trace (21.3ms)
Rendered rescues/_request_and_response (0.4ms)
Rendering rescues/layout (internal_server_error)


Processing RecipesController#new (for 127.0.0.1 at 2009-03-26 00:20:37) [GET]
  Parameters: {"category_id"=>"2"}
  [4;36;1mSQL (0.9ms)[0m   [0;1m SELECT name
 FROM sqlite_master
 WHERE type = 'table' AND NOT name = 'sqlite_sequence'
[0m

NoMethodError (undefined method `Recipe' for #<Class:0x7f312d1f2100>):
  app/controllers/recipes_controller.rb:27:in `new'

Rendered rescues/_trace (33.8ms)
Rendered rescues/_request_and_response (0.5ms)
Rendering rescues/layout (internal_server_error)


Processing CategoriesController#index (for 127.0.0.1 at 2009-03-26 00:20:45) [GET]
  [4;35;1mCategory Load (1.0ms)[0m   [0mSELECT * FROM "categories" [0m
Rendering template within layouts/categories
Rendering categories/index
Completed in 19ms (View: 8, DB: 1) | 200 OK [http://0.0.0.0/categories]


Processing RecipesController#new (for 127.0.0.1 at 2009-03-26 00:20:47) [GET]
  Parameters: {"category_id"=>"1"}
Rendering template within layouts/recipes
Rendering recipes/new
  [4;36;1mCategory Load (0.4ms)[0m   [0;1mSELECT * FROM "categories" [0m
Completed in 113ms (View: 103, DB: 0) | 200 OK [http://0.0.0.0/categories/1/recipes/new]


Processing RecipesController#new (for 127.0.0.1 at 2009-03-26 00:20:52) [GET]
  Parameters: {"category_id"=>"2"}
Rendering template within layouts/recipes
Rendering recipes/new
  [4;35;1mCategory Load (0.6ms)[0m   [0mSELECT * FROM "categories" [0m
Completed in 28ms (View: 17, DB: 1) | 200 OK [http://0.0.0.0/categories/2/recipes/new]


Processing RecipesController#new (for 127.0.0.1 at 2009-03-26 00:21:08) [GET]
  Parameters: {"category_id"=>"2"}
Rendering template within layouts/recipes
Rendering recipes/new
  [4;36;1mCategory Load (0.6ms)[0m   [0;1mSELECT * FROM "categories" [0m
Completed in 30ms (View: 20, DB: 1) | 200 OK [http://0.0.0.0/categories/2/recipes/new]


Processing RecipesController#new (for 127.0.0.1 at 2009-03-26 00:21:08) [GET]
  Parameters: {"category_id"=>"2"}
Rendering template within layouts/recipes
Rendering recipes/new
  [4;35;1mCategory Load (0.6ms)[0m   [0mSELECT * FROM "categories" [0m
Completed in 25ms (View: 15, DB: 1) | 200 OK [http://0.0.0.0/categories/2/recipes/new]


Processing RecipesController#new (for 127.0.0.1 at 2009-03-26 00:24:12) [GET]
  Parameters: {"category_id"=>"2"}
  [4;36;1mCategory Load (0.4ms)[0m   [0;1mSELECT * FROM "categories" WHERE ("categories"."id" = 2) [0m
Rendering template within layouts/recipes
Rendering recipes/new
  [4;35;1mCategory Load (0.6ms)[0m   [0mSELECT * FROM "categories" [0m
Completed in 25ms (View: 8, DB: 1) | 200 OK [http://0.0.0.0/categories/2/recipes/new]


Processing RecipesController#new (for 127.0.0.1 at 2009-03-26 00:24:13) [GET]
  Parameters: {"category_id"=>"2"}
  [4;36;1mCategory Load (0.3ms)[0m   [0;1mSELECT * FROM "categories" WHERE ("categories"."id" = 2) [0m
Rendering template within layouts/recipes
Rendering recipes/new
  [4;35;1mCategory Load (0.5ms)[0m   [0mSELECT * FROM "categories" [0m
Completed in 88ms (View: 6, DB: 1) | 200 OK [http://0.0.0.0/categories/2/recipes/new]


Processing RecipesController#new (for 127.0.0.1 at 2009-03-26 00:24:13) [GET]
  Parameters: {"category_id"=>"2"}
  [4;36;1mCategory Load (0.6ms)[0m   [0;1mSELECT * FROM "categories" WHERE ("categories"."id" = 2) [0m
Rendering template within layouts/recipes
Rendering recipes/new
  [4;35;1mCategory Load (0.7ms)[0m   [0mSELECT * FROM "categories" [0m
Completed in 28ms (View: 9, DB: 1) | 200 OK [http://0.0.0.0/categories/2/recipes/new]


Processing RecipesController#new (for 127.0.0.1 at 2009-03-26 00:24:19) [GET]
  Parameters: {"category_id"=>"2"}
  [4;36;1mCategory Load (0.5ms)[0m   [0;1mSELECT * FROM "categories" WHERE ("categories"."id" = 2) [0m
Rendering template within layouts/recipes
Rendering recipes/new
  [4;35;1mCategory Load (0.6ms)[0m   [0mSELECT * FROM "categories" [0m
Completed in 30ms (View: 12, DB: 1) | 200 OK [http://0.0.0.0/categories/2/recipes/new]


Processing RecipesController#new (for 127.0.0.1 at 2009-03-26 00:24:20) [GET]
  Parameters: {"category_id"=>"2"}
  [4;36;1mCategory Load (0.6ms)[0m   [0;1mSELECT * FROM "categories" WHERE ("categories"."id" = 2) [0m
Rendering template within layouts/recipes
Rendering recipes/new
  [4;35;1mCategory Load (0.6ms)[0m   [0mSELECT * FROM "categories" [0m
Completed in 25ms (View: 8, DB: 1) | 200 OK [http://0.0.0.0/categories/2/recipes/new]


Processing RecipesController#new (for 127.0.0.1 at 2009-03-26 00:24:25) [GET]
  Parameters: {"category_id"=>"2"}
  [4;36;1mCategory Load (0.4ms)[0m   [0;1mSELECT * FROM "categories" WHERE ("categories"."id" = 2) [0m
Rendering template within layouts/recipes
Rendering recipes/new
  [4;35;1mCategory Load (0.5ms)[0m   [0mSELECT * FROM "categories" [0m
Completed in 23ms (View: 6, DB: 1) | 200 OK [http://0.0.0.0/categories/2/recipes/new]


Processing RecipesController#new (for 127.0.0.1 at 2009-03-26 00:24:56) [GET]
  Parameters: {"category_id"=>"2"}
  [4;36;1mCategory Load (0.4ms)[0m   [0;1mSELECT * FROM "categories" WHERE ("categories"."id" = 2) [0m
Rendering template within layouts/recipes
Rendering recipes/new
  [4;35;1mCategory Load (0.5ms)[0m   [0mSELECT * FROM "categories" [0m
Completed in 113ms (View: 11, DB: 1) | 200 OK [http://0.0.0.0/categories/2/recipes/new]


Processing RecipesController#new (for 127.0.0.1 at 2009-03-26 00:24:56) [GET]
  Parameters: {"category_id"=>"2"}
  [4;36;1mCategory Load (0.5ms)[0m   [0;1mSELECT * FROM "categories" WHERE ("categories"."id" = 2) [0m
Rendering template within layouts/recipes
Rendering recipes/new
  [4;35;1mCategory Load (0.6ms)[0m   [0mSELECT * FROM "categories" [0m
Completed in 27ms (View: 8, DB: 1) | 200 OK [http://0.0.0.0/categories/2/recipes/new]


Processing RecipesController#new (for 127.0.0.1 at 2009-03-26 00:25:20) [GET]
  Parameters: {"category_id"=>"2"}
  [4;36;1mCategory Load (0.6ms)[0m   [0;1mSELECT * FROM "categories" WHERE ("categories"."id" = 2) [0m
Rendering template within layouts/recipes
Rendering recipes/new

ActionView::TemplateError (undefined method `find' for #<Category:0x7f312d414c30>) on line #11 of app/views/recipes/new.html.erb:
8:     <%= f.text_field :title %>
9:   </p>
10:   <p>
11:     <%= select('recipe', 'category_id', @category.find(:all).map { |item| [item.title, item.id] })  %><br />
12:   </p>
13:   <p>
14:     <%= f.submit 'Create' %>

    app/views/recipes/new.html.erb:11
    app/views/recipes/new.html.erb:3
    app/controllers/recipes_controller.rb:30:in `new'

Rendered rescues/_trace (49.5ms)
Rendered rescues/_request_and_response (0.6ms)
Rendering rescues/layout (internal_server_error)


Processing RecipesController#new (for 127.0.0.1 at 2009-03-26 00:25:21) [GET]
  Parameters: {"category_id"=>"2"}
  [4;35;1mCategory Load (0.5ms)[0m   [0mSELECT * FROM "categories" WHERE ("categories"."id" = 2) [0m
Rendering template within layouts/recipes
Rendering recipes/new

ActionView::TemplateError (undefined method `find' for #<Category:0x7f312d1cb550>) on line #11 of app/views/recipes/new.html.erb:
8:     <%= f.text_field :title %>
9:   </p>
10:   <p>
11:     <%= select('recipe', 'category_id', @category.find(:all).map { |item| [item.title, item.id] })  %><br />
12:   </p>
13:   <p>
14:     <%= f.submit 'Create' %>

    app/views/recipes/new.html.erb:11
    app/views/recipes/new.html.erb:3
    app/controllers/recipes_controller.rb:30:in `new'

Rendered rescues/_trace (106.7ms)
Rendered rescues/_request_and_response (0.4ms)
Rendering rescues/layout (internal_server_error)


Processing RecipesController#new (for 127.0.0.1 at 2009-03-26 00:26:24) [GET]
  Parameters: {"category_id"=>"2"}
Rendering template within layouts/recipes
Rendering recipes/new
  [4;36;1mCategory Load (0.6ms)[0m   [0;1mSELECT * FROM "categories" [0m
Completed in 31ms (View: 19, DB: 1) | 200 OK [http://0.0.0.0/categories/2/recipes/new]


Processing RecipesController#new (for 127.0.0.1 at 2009-03-26 00:26:24) [GET]
  Parameters: {"category_id"=>"2"}
Rendering template within layouts/recipes
Rendering recipes/new
  [4;35;1mCategory Load (0.6ms)[0m   [0mSELECT * FROM "categories" [0m
Completed in 25ms (View: 14, DB: 1) | 200 OK [http://0.0.0.0/categories/2/recipes/new]


Processing RecipesController#new (for 127.0.0.1 at 2009-03-26 00:26:29) [GET]
  Parameters: {"category_id"=>"2"}
Rendering template within layouts/recipes
Rendering recipes/new
  [4;36;1mCategory Load (0.8ms)[0m   [0;1mSELECT * FROM "categories" [0m
Completed in 28ms (View: 14, DB: 1) | 200 OK [http://0.0.0.0/categories/2/recipes/new]


Processing RecipesController#new (for 127.0.0.1 at 2009-03-26 00:26:55) [GET]
  Parameters: {"category_id"=>"2"}
Rendering template within layouts/recipes
Rendering recipes/new
  [4;35;1mCategory Load (0.6ms)[0m   [0mSELECT * FROM "categories" [0m
Completed in 26ms (View: 14, DB: 1) | 200 OK [http://0.0.0.0/categories/2/recipes/new]


Processing RecipesController#new (for 127.0.0.1 at 2009-03-26 00:26:56) [GET]
  Parameters: {"category_id"=>"2"}
Rendering template within layouts/recipes
Rendering recipes/new
  [4;36;1mCategory Load (0.4ms)[0m   [0;1mSELECT * FROM "categories" [0m
Completed in 105ms (View: 10, DB: 0) | 200 OK [http://0.0.0.0/categories/2/recipes/new]


Processing RecipesController#new (for 127.0.0.1 at 2009-03-26 00:27:00) [GET]
  Parameters: {"category_id"=>"2"}
Rendering template within layouts/recipes
Rendering recipes/new
  [4;35;1mCategory Load (0.7ms)[0m   [0mSELECT * FROM "categories" [0m
Completed in 29ms (View: 15, DB: 1) | 200 OK [http://0.0.0.0/categories/2/recipes/new]


Processing RecipesController#index (for 127.0.0.1 at 2009-03-26 00:27:14) [GET]
  [4;36;1mRecipe Load (0.9ms)[0m   [0;1mSELECT * FROM "recipes" [0m
Rendering template within layouts/recipes
Rendering recipes/index
Completed in 29ms (View: 20, DB: 1) | 200 OK [http://0.0.0.0/recipes]


Processing CategoriesController#index (for 127.0.0.1 at 2009-03-26 00:27:23) [GET]
  [4;35;1mCategory Load (0.6ms)[0m   [0mSELECT * FROM "categories" [0m
Rendering template within layouts/categories
Rendering categories/index
Completed in 13ms (View: 6, DB: 1) | 200 OK [http://0.0.0.0/]


Processing RecipesController#new (for 127.0.0.1 at 2009-03-26 00:27:25) [GET]
  Parameters: {"category_id"=>"1"}
Rendering template within layouts/recipes
Rendering recipes/new
  [4;36;1mCategory Load (0.7ms)[0m   [0;1mSELECT * FROM "categories" [0m
Completed in 25ms (View: 13, DB: 1) | 200 OK [http://0.0.0.0/categories/1/recipes/new]


Processing RecipesController#new (for 127.0.0.1 at 2009-03-26 00:27:28) [GET]
  Parameters: {"category_id"=>"2"}
Rendering template within layouts/recipes
Rendering recipes/new
  [4;35;1mCategory Load (0.7ms)[0m   [0mSELECT * FROM "categories" [0m
Completed in 25ms (View: 13, DB: 1) | 200 OK [http://0.0.0.0/categories/2/recipes/new]


Processing CategoriesController#index (for 127.0.0.1 at 2009-03-26 00:27:31) [GET]
  [4;36;1mCategory Load (1.0ms)[0m   [0;1mSELECT * FROM "categories" [0m
Rendering template within layouts/categories
Rendering categories/index
Completed in 17ms (View: 6, DB: 1) | 200 OK [http://0.0.0.0/]


Processing RecipesController#new (for 127.0.0.1 at 2009-03-26 00:27:32) [GET]
  Parameters: {"category_id"=>"1"}
Rendering template within layouts/recipes
Rendering recipes/new
  [4;35;1mCategory Load (0.6ms)[0m   [0mSELECT * FROM "categories" [0m
Completed in 30ms (View: 14, DB: 1) | 200 OK [http://0.0.0.0/categories/1/recipes/new]


Processing RecipesController#new (for 127.0.0.1 at 2009-03-26 00:27:36) [GET]
  Parameters: {"category_id"=>"2"}
Rendering template within layouts/recipes
Rendering recipes/new
  [4;36;1mCategory Load (0.6ms)[0m   [0;1mSELECT * FROM "categories" [0m
Completed in 26ms (View: 14, DB: 1) | 200 OK [http://0.0.0.0/categories/2/recipes/new]


Processing RecipesController#create (for 127.0.0.1 at 2009-03-26 00:29:41) [POST]
  Parameters: {"commit"=>"Create", "authenticity_token"=>"UluVjISfCNs1DtE0DTk0TzG5ne5PDKW01xZ0Spv36Vo=", "recipe"=>{"title"=>"beans", "category_id"=>"2"}}
  [4;35;1mRecipe Create (1.6ms)[0m   [0mINSERT INTO "recipes" ("created_at", "title", "updated_at", "category_id") VALUES('2009-03-26 00:29:41', 'beans', '2009-03-26 00:29:41', 2)[0m
Redirected to http://0.0.0.0:3000/recipes/2
Completed in 44ms (DB: 2) | 302 Found [http://0.0.0.0/recipes]


Processing RecipesController#show (for 127.0.0.1 at 2009-03-26 00:29:41) [GET]
  Parameters: {"id"=>"2"}
  [4;36;1mRecipe Load (0.4ms)[0m   [0;1mSELECT * FROM "recipes" WHERE ("recipes"."id" = 2) [0m
Rendering template within layouts/recipes
Rendering recipes/show
Completed in 20ms (View: 9, DB: 0) | 200 OK [http://0.0.0.0/recipes/2]


Processing RecipesController#edit (for 127.0.0.1 at 2009-03-26 00:29:45) [GET]
  Parameters: {"id"=>"2"}
  [4;35;1mRecipe Load (0.5ms)[0m   [0mSELECT * FROM "recipes" WHERE ("recipes"."id" = 2) [0m
Rendering template within layouts/recipes
Rendering recipes/edit
  [4;36;1mCategory Load (0.4ms)[0m   [0;1mSELECT * FROM "categories" [0m
Completed in 100ms (View: 15, DB: 1) | 200 OK [http://0.0.0.0/recipes/2/edit]


Processing RecipesController#edit (for 127.0.0.1 at 2009-03-26 00:30:00) [GET]
  Parameters: {"id"=>"1"}
  [4;35;1mRecipe Load (0.5ms)[0m   [0mSELECT * FROM "recipes" WHERE ("recipes"."id" = 1) [0m
Rendering template within layouts/recipes
Rendering recipes/edit
  [4;36;1mCategory Load (0.6ms)[0m   [0;1mSELECT * FROM "categories" [0m
Completed in 31ms (View: 18, DB: 1) | 200 OK [http://0.0.0.0/recipes/1/edit]


Processing RecipesController#index (for 127.0.0.1 at 2009-03-26 00:30:06) [GET]
  [4;35;1mRecipe Load (1.0ms)[0m   [0mSELECT * FROM "recipes" [0m
Rendering template within layouts/recipes
Rendering recipes/index
Completed in 18ms (View: 9, DB: 1) | 200 OK [http://0.0.0.0/recipes]
